{"numTotalTestSuites":467,"numPassedTestSuites":467,"numFailedTestSuites":0,"numPendingTestSuites":0,"numTotalTests":1879,"numPassedTests":1877,"numFailedTests":0,"numPendingTests":2,"numTodoTests":0,"snapshot":{"added":0,"failure":false,"filesAdded":0,"filesRemoved":0,"filesRemovedList":[],"filesUnmatched":0,"filesUpdated":0,"matched":0,"total":0,"unchecked":0,"uncheckedKeysByFile":[],"unmatched":0,"updated":0,"didUpdate":false},"startTime":1786395215579,"success":true,"testResults":[{"assertionResults":[{"ancestorTitles":["financial benchmark sync (scoreEngine.js is source of truth)"],"fullName":"financial benchmark sync (scoreEngine.js is source of truth) extracts non-empty benchmarks from all four files (sanity)","status":"passed","title":"extracts non-empty benchmarks from all four files (sanity)","duration":3.5169190000000015,"failureMessages":[],"meta":{},"tags":[]},{"ancestorTitles":["financial benchmark sync (scoreEngine.js is source of truth)","spendIntel vs scoreEngine (source of truth)"],"fullName":"financial benchmark sync (scoreEngine.js is source of truth) spendIntel vs scoreEngine (source of truth) payments.micro","status":"passed","title":"payments.micro","duration":0.2766110000000026,"failureMessages":[],"meta":{},"tags":[]},{"ancestorTitles":["financial benchmark sync (scoreEngine.js is source of truth)","spendIntel vs scoreEngine (source of truth)"],"fullName":"financial benchmark sync (scoreEngine.js is source of truth) spendIntel vs scoreEngine (source of truth) shipping.micro","status":"passed","title":"shipping.micro","duration":0.18295099999997433,"failureMessages":[],"meta":{},"tags":[]},{"ancestorTitles":["financial benchmark sync (scoreEngine.js is source of truth)","spendIntel vs scoreEngine (source of truth)"],"fullName":"financial benchmark sync (scoreEngine.js is source of truth) spendIntel vs scoreEngine (source of truth) saas.micro","status":"passed","title":"saas.micro","duration":0.2434599999999989,"failureMessages":[],"meta":{},"tags":[]},{"ancestorTitles":["financial benchmark sync (scoreEngine.js is source of truth)","spendIntel vs scoreEngine (source of truth)"],"fullName":"financial benchmark sync (scoreEngine.js is source of truth) spendIntel vs scoreEngine (source of truth) payments.small","status":"passed","title":"payments.small","duration":0.15872099999998568,"failureMessages":[],"meta":{},"tags":[]},{"ancestorTitles":["financial benchmark sync (scoreEngine.js is source of truth)","spendIntel vs scoreEngine (source of truth)"],"fullName":"financial benchmark sync (scoreEngine.js is source of truth) spendIntel vs scoreEngine (source of truth) shipping.small","status":"passed","title":"shipping.small","duration":0.12554000000000087,"failureMessages":[],"meta":{},"tags":[]},{"ancestorTitles":["financial benchmark sync (scoreEngine.js is source of truth)","spendIntel vs scoreEngine (source of truth)"],"fullName":"financial benchmark sync (scoreEngine.js is source of truth) spendIntel vs scoreEngine (source of truth) saas.small","status":"passed","title":"saas.small","duration":0.10327000000000908,"failureMessages":[],"meta":{},"tags":[]},{"ancestorTitles":["financial benchmark sync (scoreEngine.js is source of truth)","spendIntel vs scoreEngine (source of truth)"],"fullName":"financial benchmark sync (scoreEngine.js is source of truth) spendIntel vs scoreEngine (source of truth) payments.mid","status":"passed","title":"payments.mid","duration":0.11261099999998692,"failureMessages":[],"meta":{},"tags":[]},{"ancestorTitles":["financial benchmark sync (scoreEngine.js is source of truth)","spendIntel vs scoreEngine (source of truth)"],"fullName":"financial benchmark sync (scoreEngine.js is source of truth) spendIntel vs scoreEngine (source of truth) shipping.mid","status":"passed","title":"shipping.mid","duration":0.24415000000001896,"failureMessages":[],"meta":{},"tags":[]},{"ancestorTitles":["financial benchmark sync (scoreEngine.js is source of truth)","spendIntel vs scoreEngine (source of truth)"],"fullName":"financial benchmark sync (scoreEngine.js is source of truth) spendIntel vs scoreEngine (source of truth) saas.mid","status":"passed","title":"saas.mid","duration":0.18896099999997773,"failureMessages":[],"meta":{},"tags":[]},{"ancestorTitles":["financial benchmark sync (scoreEngine.js is source of truth)","spendIntel vs scoreEngine (source of truth)"],"fullName":"financial benchmark sync (scoreEngine.js is source of truth) spendIntel vs scoreEngine (source of truth) payments.large","status":"passed","title":"payments.large","duration":0.23079000000001315,"failureMessages":[],"meta":{},"tags":[]},{"ancestorTitles":["financial benchmark sync (scoreEngine.js is source of truth)","spendIntel vs scoreEngine (source of truth)"],"fullName":"financial benchmark sync (scoreEngine.js is source of truth) spendIntel vs scoreEngine (source of truth) shipping.large","status":"passed","title":"shipping.large","duration":0.14710999999999785,"failureMessages":[],"meta":{},"tags":[]},{"ancestorTitles":["financial benchmark sync (scoreEngine.js is source of truth)","spendIntel vs scoreEngine (source of truth)"],"fullName":"financial benchmark sync (scoreEngine.js is source of truth) spendIntel vs scoreEngine (source of truth) saas.large","status":"passed","title":"saas.large","duration":0.18354999999999677,"failureMessages":[],"meta":{},"tags":[]},{"ancestorTitles":["financial benchmark sync (scoreEngine.js is source of truth)","recEngine vs scoreEngine (source of truth)"],"fullName":"financial benchmark sync (scoreEngine.js is source of truth) recEngine vs scoreEngine (source of truth) payments.micro","status":"passed","title":"payments.micro","duration":0.2542609999999854,"failureMessages":[],"meta":{},"tags":[]},{"ancestorTitles":["financial benchmark sync (scoreEngine.js is source of truth)","recEngine vs scoreEngine (source of truth)"],"fullName":"financial benchmark sync (scoreEngine.js is source of truth) recEngine vs scoreEngine (source of truth) shipping.micro","status":"passed","title":"shipping.micro","duration":0.2745609999999772,"failureMessages":[],"meta":{},"tags":[]},{"ancestorTitles":["financial benchmark sync (scoreEngine.js is source of truth)","recEngine vs scoreEngine (source of truth)"],"fullName":"financial benchmark sync (scoreEngine.js is source of truth) recEngine vs scoreEngine (source of truth) saas.micro","status":"passed","title":"saas.micro","duration":0.15488999999999464,"failureMessages":[],"meta":{},"tags":[]},{"ancestorTitles":["financial benchmark sync (scoreEngine.js is source of truth)","recEngine vs scoreEngine (source of truth)"],"fullName":"financial benchmark sync (scoreEngine.js is source of truth) recEngine vs scoreEngine (source of truth) payments.small","status":"passed","title":"payments.small","duration":0.12582000000000448,"failureMessages":[],"meta":{},"tags":[]},{"ancestorTitles":["financial benchmark sync (scoreEngine.js is source of truth)","recEngine vs scoreEngine (source of truth)"],"fullName":"financial benchmark sync (scoreEngine.js is source of truth) recEngine vs scoreEngine (source of truth) shipping.small","status":"passed","title":"shipping.small","duration":0.10821099999998296,"failureMessages":[],"meta":{},"tags":[]},{"ancestorTitles":["financial benchmark sync (scoreEngine.js is source of truth)","recEngine vs scoreEngine (source of truth)"],"fullName":"financial benchmark sync (scoreEngine.js is source of truth) recEngine vs scoreEngine (source of truth) saas.small","status":"passed","title":"saas.small","duration":0.09072999999997933,"failureMessages":[],"meta":{},"tags":[]},{"ancestorTitles":["financial benchmark sync (scoreEngine.js is source of truth)","recEngine vs scoreEngine (source of truth)"],"fullName":"financial benchmark sync (scoreEngine.js is source of truth) recEngine vs scoreEngine (source of truth) payments.mid","status":"passed","title":"payments.mid","duration":0.1946410000000185,"failureMessages":[],"meta":{},"tags":[]},{"ancestorTitles":["financial benchmark sync (scoreEngine.js is source of truth)","recEngine vs scoreEngine (source of truth)"],"fullName":"financial benchmark sync (scoreEngine.js is source of truth) recEngine vs scoreEngine (source of truth) shipping.mid","status":"passed","title":"shipping.mid","duration":0.11678000000000566,"failureMessages":[],"meta":{},"tags":[]},{"ancestorTitles":["financial benchmark sync (scoreEngine.js is source of truth)","recEngine vs scoreEngine (source of truth)"],"fullName":"financial benchmark sync (scoreEngine.js is source of truth) recEngine vs scoreEngine (source of truth) saas.mid","status":"passed","title":"saas.mid","duration":0.0873200000000054,"failureMessages":[],"meta":{},"tags":[]},{"ancestorTitles":["financial benchmark sync (scoreEngine.js is source of truth)","recEngine vs scoreEngine (source of truth)"],"fullName":"financial benchmark sync (scoreEngine.js is source of truth) recEngine vs scoreEngine (source of truth) payments.large","status":"passed","title":"payments.large","duration":0.11521099999998796,"failureMessages":[],"meta":{},"tags":[]},{"ancestorTitles":["financial benchmark sync (scoreEngine.js is source of truth)","recEngine vs scoreEngine (source of truth)"],"fullName":"financial benchmark sync (scoreEngine.js is source of truth) recEngine vs scoreEngine (source of truth) shipping.large","status":"passed","title":"shipping.large","duration":0.09946999999999662,"failureMessages":[],"meta":{},"tags":[]},{"ancestorTitles":["financial benchmark sync (scoreEngine.js is source of truth)","recEngine vs scoreEngine (source of truth)"],"fullName":"financial benchmark sync (scoreEngine.js is source of truth) recEngine vs scoreEngine (source of truth) saas.large","status":"passed","title":"saas.large","duration":0.08283000000000129,"failureMessages":[],"meta":{},"tags":[]},{"ancestorTitles":["financial benchmark sync (scoreEngine.js is source of truth)","gbfr vs scoreEngine (source of truth)"],"fullName":"financial benchmark sync (scoreEngine.js is source of truth) gbfr vs scoreEngine (source of truth) payments.micro","status":"passed","title":"payments.micro","duration":1.1598830000000078,"failureMessages":[],"meta":{},"tags":[]},{"ancestorTitles":["financial benchmark sync (scoreEngine.js is source of truth)","gbfr vs scoreEngine (source of truth)"],"fullName":"financial benchmark sync (scoreEngine.js is source of truth) gbfr vs scoreEngine (source of truth) shipping.micro","status":"passed","title":"shipping.micro","duration":0.09175099999998793,"failureMessages":[],"meta":{},"tags":[]},{"ancestorTitles":["financial benchmark sync (scoreEngine.js is source of truth)","gbfr vs scoreEngine (source of truth)"],"fullName":"financial benchmark sync (scoreEngine.js is source of truth) gbfr vs scoreEngine (source of truth) saas.micro","status":"passed","title":"saas.micro","duration":0.06839999999999691,"failureMessages":[],"meta":{},"tags":[]},{"ancestorTitles":["financial benchmark sync (scoreEngine.js is source of truth)","gbfr vs scoreEngine (source of truth)"],"fullName":"financial benchmark sync (scoreEngine.js is source of truth) gbfr vs scoreEngine (source of truth) payments.small","status":"passed","title":"payments.small","duration":0.06769999999997367,"failureMessages":[],"meta":{},"tags":[]},{"ancestorTitles":["financial benchmark sync (scoreEngine.js is source of truth)","gbfr vs scoreEngine (source of truth)"],"fullName":"financial benchmark sync (scoreEngine.js is source of truth) gbfr vs scoreEngine (source of truth) shipping.small","status":"passed","title":"shipping.small","duration":0.05862000000001899,"failureMessages":[],"meta":{},"tags":[]},{"ancestorTitles":["financial benchmark sync (scoreEngine.js is source of truth)","gbfr vs scoreEngine (source of truth)"],"fullName":"financial benchmark sync (scoreEngine.js is source of truth) gbfr vs scoreEngine (source of truth) saas.small","status":"passed","title":"saas.small","duration":0.057520000000010896,"failureMessages":[],"meta":{},"tags":[]},{"ancestorTitles":["financial benchmark sync (scoreEngine.js is source of truth)","gbfr vs scoreEngine (source of truth)"],"fullName":"financial benchmark sync (scoreEngine.js is source of truth) gbfr vs scoreEngine (source of truth) payments.mid","status":"passed","title":"payments.mid","duration":0.054480000000012296,"failureMessages":[],"meta":{},"tags":[]},{"ancestorTitles":["financial benchmark sync (scoreEngine.js is source of truth)","gbfr vs scoreEngine (source of truth)"],"fullName":"financial benchmark sync (scoreEngine.js is source of truth) gbfr vs scoreEngine (source of truth) shipping.mid","status":"passed","title":"shipping.mid","duration":0.1150209999999845,"failureMessages":[],"meta":{},"tags":[]},{"ancestorTitles":["financial benchmark sync (scoreEngine.js is source of truth)","gbfr vs scoreEngine (source of truth)"],"fullName":"financial benchmark sync (scoreEngine.js is source of truth) gbfr vs scoreEngine (source of truth) saas.mid","status":"passed","title":"saas.mid","duration":0.0759999999999934,"failureMessages":[],"meta":{},"tags":[]},{"ancestorTitles":["financial benchmark sync (scoreEngine.js is source of truth)","gbfr vs scoreEngine (source of truth)"],"fullName":"financial benchmark sync (scoreEngine.js is source of truth) gbfr vs scoreEngine (source of truth) payments.large","status":"passed","title":"payments.large","duration":0.0690800000000138,"failureMessages":[],"meta":{},"tags":[]},{"ancestorTitles":["financial benchmark sync (scoreEngine.js is source of truth)","gbfr vs scoreEngine (source of truth)"],"fullName":"financial benchmark sync (scoreEngine.js is source of truth) gbfr vs scoreEngine (source of truth) shipping.large","status":"passed","title":"shipping.large","duration":0.05857000000000312,"failureMessages":[],"meta":{},"tags":[]},{"ancestorTitles":["financial benchmark sync (scoreEngine.js is source of truth)","gbfr vs scoreEngine (source of truth)"],"fullName":"financial benchmark sync (scoreEngine.js is source of truth) gbfr vs scoreEngine (source of truth) saas.large","status":"passed","title":"saas.large","duration":0.03815000000000168,"failureMessages":[],"meta":{},"tags":[]}],"startTime":1786395220583,"endTime":1786395220593.038,"status":"passed","message":"","name":"/app/src/lib/__benchmark_sync__.test.js"},{"assertionResults":[{"ancestorTitles":["inv_ i18n parity (invoices)"],"fullName":"inv_ i18n parity (invoices) EN defines the keys","status":"passed","title":"EN defines the keys","duration":1.5693750000000364,"failureMessages":[],"meta":{},"tags":[]},{"ancestorTitles":["inv_ i18n parity (invoices)"],"fullName":"inv_ i18n parity (invoices) fr defines every EN key","status":"passed","title":"fr defines every EN key","duration":0.6410720000000083,"failureMessages":[],"meta":{},"tags":[]},{"ancestorTitles":["inv_ i18n parity (invoices)"],"fullName":"inv_ i18n parity (invoices) es defines every EN key","status":"passed","title":"es defines every EN key","duration":0.27154999999999063,"failureMessages":[],"meta":{},"tags":[]},{"ancestorTitles":["inv_ i18n parity (invoices)"],"fullName":"inv_ i18n parity (invoices) fr defines no key EN lacks","status":"passed","title":"fr defines no key EN lacks","duration":0.4015110000000277,"failureMessages":[],"meta":{},"tags":[]},{"ancestorTitles":["inv_ i18n parity (invoices)"],"fullName":"inv_ i18n parity (invoices) es defines no key EN lacks","status":"passed","title":"es defines no key EN lacks","duration":0.29661100000004126,"failureMessages":[],"meta":{},"tags":[]},{"ancestorTitles":["inv_ i18n parity (invoices)"],"fullName":"inv_ i18n parity (invoices) en has no blank value","status":"passed","title":"en has no blank value","duration":0.25672099999997045,"failureMessages":[],"meta":{},"tags":[]},{"ancestorTitles":["inv_ i18n parity (invoices)"],"fullName":"inv_ i18n parity (invoices) fr has no blank value","status":"passed","title":"fr has no blank value","duration":0.20388100000002396,"failureMessages":[],"meta":{},"tags":[]},{"ancestorTitles":["inv_ i18n parity (invoices)"],"fullName":"inv_ i18n parity (invoices) es has no blank value","status":"passed","title":"es has no blank value","duration":0.19711999999998397,"failureMessages":[],"meta":{},"tags":[]},{"ancestorTitles":["acc_ i18n parity (account)"],"fullName":"acc_ i18n parity (account) EN defines the keys","status":"passed","title":"EN defines the keys","duration":0.30333100000001423,"failureMessages":[],"meta":{},"tags":[]},{"ancestorTitles":["acc_ i18n parity (account)"],"fullName":"acc_ i18n parity (account) fr defines every EN key","status":"passed","title":"fr defines every EN key","duration":0.257000000000005,"failureMessages":[],"meta":{},"tags":[]},{"ancestorTitles":["acc_ i18n parity (account)"],"fullName":"acc_ i18n parity (account) es defines every EN key","status":"passed","title":"es defines every EN key","duration":0.2910510000000386,"failureMessages":[],"meta":{},"tags":[]},{"ancestorTitles":["acc_ i18n parity (account)"],"fullName":"acc_ i18n parity (account) fr defines no key EN lacks","status":"passed","title":"fr defines no key EN lacks","duration":0.17599100000001044,"failureMessages":[],"meta":{},"tags":[]},{"ancestorTitles":["acc_ i18n parity (account)"],"fullName":"acc_ i18n parity (account) es defines no key EN lacks","status":"passed","title":"es defines no key EN lacks","duration":0.15466000000003532,"failureMessages":[],"meta":{},"tags":[]},{"ancestorTitles":["acc_ i18n parity (account)"],"fullName":"acc_ i18n parity (account) en has no blank value","status":"passed","title":"en has no blank value","duration":0.2979909999999677,"failureMessages":[],"meta":{},"tags":[]},{"ancestorTitles":["acc_ i18n parity (account)"],"fullName":"acc_ i18n parity (account) fr has no blank value","status":"passed","title":"fr has no blank value","duration":0.32539100000002463,"failureMessages":[],"meta":{},"tags":[]},{"ancestorTitles":["acc_ i18n parity (account)"],"fullName":"acc_ i18n parity (account) es has no blank value","status":"passed","title":"es has no blank value","duration":0.17786999999998443,"failureMessages":[],"meta":{},"tags":[]},{"ancestorTitles":["invoice status labels"],"fullName":"invoice status labels every stored status has a label in all three languages","status":"passed","title":"every stored status has a label in all three languages","duration":0.17603100000002314,"failureMessages":[],"meta":{},"tags":[]},{"ancestorTitles":["invoice status labels"],"fullName":"invoice status labels maps the stored value, never prints it raw","status":"passed","title":"maps the stored value, never prints it raw","duration":0.28483099999999695,"failureMessages":[],"meta":{},"tags":[]},{"ancestorTitles":["invoice status labels"],"fullName":"invoice status labels falls back to the de-underscored raw value for an unknown status","status":"passed","title":"falls back to the de-underscored raw value for an unknown status","duration":0.0948500000000081,"failureMessages":[],"meta":{},"tags":[]},{"ancestorTitles":["invoice status labels"],"fullName":"invoice status labels returns empty for an absent status","status":"passed","title":"returns empty for an absent status","duration":0.18773000000004458,"failureMessages":[],"meta":{},"tags":[]},{"ancestorTitles":["invoice status labels"],"fullName":"invoice status labels the list still mirrors the stored enum values","status":"passed","title":"the list still mirrors the stored enum values","duration":0.4273820000000228,"failureMessages":[],"meta":{},"tags":[]},{"ancestorTitles":["shared date helpers — one implementation, localized"],"fullName":"shared date helpers — one implementation, localized the numeric table date differs per language","status":"passed","title":"the numeric table date differs per language","duration":13.123715000000004,"failureMessages":[],"meta":{},"tags":[]},{"ancestorTitles":["shared date helpers — one implementation, localized"],"fullName":"shared date helpers — one implementation, localized an invalid or absent date yields empty, never 'Invalid Date'","status":"passed","title":"an invalid or absent date yields empty, never 'Invalid Date'","duration":0.1628509999999892,"failureMessages":[],"meta":{},"tags":[]},{"ancestorTitles":["shared date helpers — one implementation, localized"],"fullName":"shared date helpers — one implementation, localized an unknown language falls back to EN instead of throwing","status":"passed","title":"an unknown language falls back to EN instead of throwing","duration":0.8264920000000302,"failureMessages":[],"meta":{},"tags":[]},{"ancestorTitles":["shared date helpers — one implementation, localized"],"fullName":"shared date helpers — one implementation, localized the long/short variants are localized too","status":"passed","title":"the long/short variants are localized too","duration":0.9929830000000379,"failureMessages":[],"meta":{},"tags":[]},{"ancestorTitles":["shared date helpers — one implementation, localized"],"fullName":"shared date helpers — one implementation, localized reportsLabels re-exports the shared helpers rather than duplicating them","status":"passed","title":"reportsLabels re-exports the shared helpers rather than duplicating them","duration":0.20319000000000642,"failureMessages":[],"meta":{},"tags":[]},{"ancestorTitles":["account fields — labels translated, stored names untouched"],"fullName":"account fields — labels translated, stored names untouched every field label key resolves in all three languages","status":"passed","title":"every field label key resolves in all three languages","duration":0.1892310000000066,"failureMessages":[],"meta":{},"tags":[]},{"ancestorTitles":["account fields — labels translated, stored names untouched"],"fullName":"account fields — labels translated, stored names untouched the STORED field names are the original entity properties","status":"passed","title":"the STORED field names are the original entity properties","duration":0.1963999999999828,"failureMessages":[],"meta":{},"tags":[]},{"ancestorTitles":["account fields — labels translated, stored names untouched"],"fullName":"account fields — labels translated, stored names untouched numeric placeholders stay raw, prose placeholders translate","status":"passed","title":"numeric placeholders stay raw, prose placeholders translate","duration":0.14863100000002305,"failureMessages":[],"meta":{},"tags":[]},{"ancestorTitles":["surface — no hardcoded English left"],"fullName":"surface — no hardcoded English left src/pages/Invoices.jsx goes through useTranslation","status":"passed","title":"src/pages/Invoices.jsx goes through useTranslation","duration":0.1501599999999712,"failureMessages":[],"meta":{},"tags":[]},{"ancestorTitles":["surface — no hardcoded English left"],"fullName":"surface — no hardcoded English left src/pages/Account.jsx goes through useTranslation","status":"passed","title":"src/pages/Account.jsx goes through useTranslation","duration":0.11536999999998443,"failureMessages":[],"meta":{},"tags":[]},{"ancestorTitles":["surface — no hardcoded English left"],"fullName":"surface — no hardcoded English left src/components/account/AccountFieldSection.jsx goes through useTranslation","status":"passed","title":"src/components/account/AccountFieldSection.jsx goes through useTranslation","duration":0.09674100000000863,"failureMessages":[],"meta":{},"tags":[]},{"ancestorTitles":["surface — no hardcoded English left"],"fullName":"surface — no hardcoded English left /Invoices renders no English literal and no raw status","status":"passed","title":"/Invoices renders no English literal and no raw status","duration":0.44285100000001876,"failureMessages":[],"meta":{},"tags":[]},{"ancestorTitles":["surface — no hardcoded English left"],"fullName":"surface — no hardcoded English left /Account renders no English literal, toast included","status":"passed","title":"/Account renders no English literal, toast included","duration":0.29211099999997714,"failureMessages":[],"meta":{},"tags":[]},{"ancestorTitles":["logic untouched by the presentation fix"],"fullName":"logic untouched by the presentation fix /Invoices still reads through the server-side tenant scope","status":"passed","title":"/Invoices still reads through the server-side tenant scope","duration":0.18116000000003396,"failureMessages":[],"meta":{},"tags":[]},{"ancestorTitles":["logic untouched by the presentation fix"],"fullName":"logic untouched by the presentation fix /Account keeps its ownership-scoped queries and update calls","status":"passed","title":"/Account keeps its ownership-scoped queries and update calls","duration":0.20781099999999242,"failureMessages":[],"meta":{},"tags":[]},{"ancestorTitles":["logic untouched by the presentation fix"],"fullName":"logic untouched by the presentation fix the field inputs still save on blur","status":"passed","title":"the field inputs still save on blur","duration":0.17428999999998496,"failureMessages":[],"meta":{},"tags":[]}],"startTime":1786395218445,"endTime":1786395218470.2078,"status":"passed","message":"","name":"/app/src/lib/accountBillingLocalization.test.js"},{"assertionResults":[{"ancestorTitles":["acquisition economic provenance"],"fullName":"acquisition economic provenance attributes only exact unique contact email and unique sent thread","status":"passed","title":"attributes only exact unique contact email and unique sent thread","duration":1.8750949999999875,"failureMessages":[],"meta":{},"tags":[]},{"ancestorTitles":["acquisition economic provenance"],"fullName":"acquisition economic provenance verified savings learning requires deterministic attribution","status":"passed","title":"verified savings learning requires deterministic attribution","duration":0.43112100000001874,"failureMessages":[],"meta":{},"tags":[]},{"ancestorTitles":["acquisition economic provenance"],"fullName":"acquisition economic provenance learning cannot write financial records","status":"passed","title":"learning cannot write financial records","duration":0.3804409999999905,"failureMessages":[],"meta":{},"tags":[]}],"startTime":1786395224693,"endTime":1786395224696.3804,"status":"passed","message":"","name":"/app/src/lib/acquisitionAttribution.test.js"},{"assertionResults":[{"ancestorTitles":["acquisition feedback learning"],"fullName":"acquisition feedback learning is bounded and sample-size gated","status":"passed","title":"is bounded and sample-size gated","duration":1.685405000000003,"failureMessages":[],"meta":{},"tags":[]},{"ancestorTitles":["acquisition feedback learning"],"fullName":"acquisition feedback learning learns from outcomes without touching financial truth","status":"passed","title":"learns from outcomes without touching financial truth","duration":0.8241819999999791,"failureMessages":[],"meta":{},"tags":[]},{"ancestorTitles":["acquisition feedback learning"],"fullName":"acquisition feedback learning learning worker is actually scheduled","status":"passed","title":"learning worker is actually scheduled","duration":0.37335100000001376,"failureMessages":[],"meta":{},"tags":[]},{"ancestorTitles":["acquisition feedback learning"],"fullName":"acquisition feedback learning learning only reorders eligible merchant queue","status":"passed","title":"learning only reorders eligible merchant queue","duration":0.4085010000000011,"failureMessages":[],"meta":{},"tags":[]}],"startTime":1786395225029,"endTime":1786395225032.4084,"status":"passed","message":"","name":"/app/src/lib/acquisitionLearning.test.js"},{"assertionResults":[{"ancestorTitles":["Admin cockpit read-failure visibility"],"fullName":"Admin cockpit read-failure visibility records degraded sources instead of converting read outages to healthy zeroes","status":"passed","title":"records degraded sources instead of converting read outages to healthy zeroes","duration":1.7868349999999964,"failureMessages":[],"meta":{},"tags":[]},{"ancestorTitles":["Admin cockpit read-failure visibility"],"fullName":"Admin cockpit read-failure visibility surfaces degraded data coverage in the founder command center","status":"passed","title":"surfaces degraded data coverage in the founder command center","duration":0.5402920000000222,"failureMessages":[],"meta":{},"tags":[]}],"startTime":1786395225660,"endTime":1786395225661.7869,"status":"passed","message":"","name":"/app/src/lib/adminCockpitFailVisible.test.js"},{"assertionResults":[{"ancestorTitles":["isCalendarDate"],"fullName":"isCalendarDate accepts real dates, including leap days","status":"passed","title":"accepts real dates, including leap days","duration":1.8900449999999864,"failureMessages":[],"meta":{},"tags":[]},{"ancestorTitles":["isCalendarDate"],"fullName":"isCalendarDate rejects shapes a regex would accept","status":"passed","title":"rejects shapes a regex would accept","duration":0.3930609999999888,"failureMessages":[],"meta":{},"tags":[]},{"ancestorTitles":["isCalendarDate"],"fullName":"isCalendarDate rejects malformed or non-string values","status":"passed","title":"rejects malformed or non-string values","duration":0.31793100000001573,"failureMessages":[],"meta":{},"tags":[]},{"ancestorTitles":["product policy effectiveDate"],"fullName":"product policy effectiveDate the shipped policy carries a real calendar date","status":"passed","title":"the shipped policy carries a real calendar date","duration":2.2624169999999992,"failureMessages":[],"meta":{},"tags":[]},{"ancestorTitles":["product policy effectiveDate"],"fullName":"product policy effectiveDate a non-existent date is rejected by the schema, not just the regex","status":"passed","title":"a non-existent date is rejected by the schema, not just the regex","duration":0.7640419999999892,"failureMessages":[],"meta":{},"tags":[]}],"startTime":1786395222651,"endTime":1786395222656.7642,"status":"passed","message":"","name":"/app/src/lib/calendarDate.test.js"},{"assertionResults":[{"ancestorTitles":["CAMBRA Developer migration engine"],"fullName":"CAMBRA Developer migration engine is mounted only in the protected admin shell","status":"passed","title":"is mounted only in the protected admin shell","duration":2.020274999999998,"failureMessages":[],"meta":{},"tags":[]},{"ancestorTitles":["CAMBRA Developer migration engine"],"fullName":"CAMBRA Developer migration engine requires GitHub connector and admin auth","status":"passed","title":"requires GitHub connector and admin auth","duration":0.33352100000001883,"failureMessages":[],"meta":{},"tags":[]},{"ancestorTitles":["CAMBRA Developer migration engine"],"fullName":"CAMBRA Developer migration engine never applies generated code directly to the default branch","status":"passed","title":"never applies generated code directly to the default branch","duration":0.4651920000000018,"failureMessages":[],"meta":{},"tags":[]},{"ancestorTitles":["CAMBRA Developer migration engine"],"fullName":"CAMBRA Developer migration engine opens a PR and keeps merge/cutover behind a separate L4 approval","status":"passed","title":"opens a PR and keeps merge/cutover behind a separate L4 approval","duration":0.40580099999999675,"failureMessages":[],"meta":{},"tags":[]},{"ancestorTitles":["CAMBRA Developer migration engine"],"fullName":"CAMBRA Developer migration engine fails closed on branch drift and rollback drift","status":"passed","title":"fails closed on branch drift and rollback drift","duration":0.3190610000000049,"failureMessages":[],"meta":{},"tags":[]},{"ancestorTitles":["CAMBRA Developer migration engine"],"fullName":"CAMBRA Developer migration engine uses CI/check-run evidence before cutover can be requested","status":"passed","title":"uses CI/check-run evidence before cutover can be requested","duration":0.2767599999999959,"failureMessages":[],"meta":{},"tags":[]}],"startTime":1786395224965,"endTime":1786395224969.2769,"status":"passed","message":"","name":"/app/src/lib/cambraDeveloper.test.js"},{"assertionResults":[{"ancestorTitles":["CAMBRA Developer hardening"],"fullName":"CAMBRA Developer hardening treats repo as untrusted data and redacts obvious secrets before AI","status":"passed","title":"treats repo as untrusted data and redacts obvious secrets before AI","duration":1.6204539999999952,"failureMessages":[],"meta":{},"tags":[]},{"ancestorTitles":["CAMBRA Developer hardening"],"fullName":"CAMBRA Developer hardening patches only L3-approved plan paths","status":"passed","title":"patches only L3-approved plan paths","duration":0.3054809999999861,"failureMessages":[],"meta":{},"tags":[]},{"ancestorTitles":["CAMBRA Developer hardening"],"fullName":"CAMBRA Developer hardening requires real CI evidence and pins L4 approval to exact PR head","status":"passed","title":"requires real CI evidence and pins L4 approval to exact PR head","duration":0.34698099999999954,"failureMessages":[],"meta":{},"tags":[]},{"ancestorTitles":["CAMBRA Developer hardening"],"fullName":"CAMBRA Developer hardening verification is state-gated and rollback has its own L4 approval","status":"passed","title":"verification is state-gated and rollback has its own L4 approval","duration":0.24337099999999623,"failureMessages":[],"meta":{},"tags":[]},{"ancestorTitles":["CAMBRA Developer hardening"],"fullName":"CAMBRA Developer hardening decodes GitHub base64 as UTF-8","status":"passed","title":"decodes GitHub base64 as UTF-8","duration":0.19107999999999947,"failureMessages":[],"meta":{},"tags":[]}],"startTime":1786395225357,"endTime":1786395225360.2434,"status":"passed","message":"","name":"/app/src/lib/cambraDeveloperHardening.test.js"},{"assertionResults":[{"ancestorTitles":["commercial autonomy deterministic authority"],"fullName":"commercial autonomy deterministic authority requires a real active founder-approved policy","status":"passed","title":"requires a real active founder-approved policy","duration":1.5886339999999848,"failureMessages":[],"meta":{},"tags":[]},{"ancestorTitles":["commercial autonomy deterministic authority"],"fullName":"commercial autonomy deterministic authority allows only allowlisted routine classifications/actions","status":"passed","title":"allows only allowlisted routine classifications/actions","duration":0.4349809999999934,"failureMessages":[],"meta":{},"tags":[]},{"ancestorTitles":["commercial autonomy deterministic authority"],"fullName":"commercial autonomy deterministic authority hard-stops opt-out, complaint, legal and security language deterministically","status":"passed","title":"hard-stops opt-out, complaint, legal and security language deterministically","duration":1.040553000000017,"failureMessages":[],"meta":{},"tags":[]},{"ancestorTitles":["commercial autonomy deterministic authority"],"fullName":"commercial autonomy deterministic authority treats lock-in, minimums, contract terms and termination terms as material","status":"passed","title":"treats lock-in, minimums, contract terms and termination terms as material","duration":0.32514000000000465,"failureMessages":[],"meta":{},"tags":[]},{"ancestorTitles":["commercial autonomy static boundaries"],"fullName":"commercial autonomy static boundaries never fabricates calendar slots","status":"passed","title":"never fabricates calendar slots","duration":0.5648210000000233,"failureMessages":[],"meta":{},"tags":[]},{"ancestorTitles":["commercial autonomy static boundaries"],"fullName":"commercial autonomy static boundaries inbound Resend verifies webhook signature before processing","status":"passed","title":"inbound Resend verifies webhook signature before processing","duration":0.33206999999998743,"failureMessages":[],"meta":{},"tags":[]},{"ancestorTitles":["commercial autonomy static boundaries"],"fullName":"commercial autonomy static boundaries autonomous sender requires internal proof unless explicit admin override","status":"passed","title":"autonomous sender requires internal proof unless explicit admin override","duration":0.2684810000000084,"failureMessages":[],"meta":{},"tags":[]},{"ancestorTitles":["commercial autonomy static boundaries"],"fullName":"commercial autonomy static boundaries provider negotiation cannot auto-accept a final/material offer","status":"passed","title":"provider negotiation cannot auto-accept a final/material offer","duration":0.324750999999992,"failureMessages":[],"meta":{},"tags":[]},{"ancestorTitles":["commercial autonomy static boundaries"],"fullName":"commercial autonomy static boundaries final approval revalidates offer, Recover and mandate","status":"passed","title":"final approval revalidates offer, Recover and mandate","duration":0.46253099999998426,"failureMessages":[],"meta":{},"tags":[]},{"ancestorTitles":["commercial autonomy static boundaries"],"fullName":"commercial autonomy static boundaries contract mismatch is deterministic and cannot execute the contract","status":"passed","title":"contract mismatch is deterministic and cannot execute the contract","duration":0.3700410000000147,"failureMessages":[],"meta":{},"tags":[]},{"ancestorTitles":["commercial autonomy static boundaries"],"fullName":"commercial autonomy static boundaries hourly acquisition remains fail-closed without active policy","status":"passed","title":"hourly acquisition remains fail-closed without active policy","duration":0.42912200000000666,"failureMessages":[],"meta":{},"tags":[]},{"ancestorTitles":["commercial autonomy static boundaries"],"fullName":"commercial autonomy static boundaries CRM sync does not pretend a lead was contacted","status":"passed","title":"CRM sync does not pretend a lead was contacted","duration":0.26136999999999944,"failureMessages":[],"meta":{},"tags":[]},{"ancestorTitles":["commercial autonomy static boundaries"],"fullName":"commercial autonomy static boundaries commercial email has CAMBRA-owned idempotency and Outlook-first transport","status":"passed","title":"commercial email has CAMBRA-owned idempotency and Outlook-first transport","duration":0.38386100000002443,"failureMessages":[],"meta":{},"tags":[]},{"ancestorTitles":["commercial autonomy static boundaries"],"fullName":"commercial autonomy static boundaries Outlook inbound is event-driven and routes only real mail","status":"passed","title":"Outlook inbound is event-driven and routes only real mail","duration":0.4257209999999816,"failureMessages":[],"meta":{},"tags":[]},{"ancestorTitles":["commercial autonomy static boundaries"],"fullName":"commercial autonomy static boundaries meeting coordinator uses real Outlook calendar and invites the lead","status":"passed","title":"meeting coordinator uses real Outlook calendar and invites the lead","duration":0.5171119999999974,"failureMessages":[],"meta":{},"tags":[]}],"startTime":1786395221287,"endTime":1786395221295.517,"status":"passed","message":"","name":"/app/src/lib/commercialAutonomySeal.test.js"},{"assertionResults":[{"ancestorTitles":["CAMBRA communication hard timing"],"fullName":"CAMBRA communication hard timing 10:00 inbound cannot send before 10:25","status":"passed","title":"10:00 inbound cannot send before 10:25","duration":16.485714,"failureMessages":[],"meta":{},"tags":[]},{"ancestorTitles":["CAMBRA communication hard timing"],"fullName":"CAMBRA communication hard timing 18:50 Paris inbound rolls after 19:00 to next business window","status":"passed","title":"18:50 Paris inbound rolls after 19:00 to next business window","duration":0.9583920000000035,"failureMessages":[],"meta":{},"tags":[]},{"ancestorTitles":["CAMBRA communication hard timing"],"fullName":"CAMBRA communication hard timing never considers before 08 or at/after 19 business time","status":"passed","title":"never considers before 08 or at/after 19 business time","duration":0.7439019999999914,"failureMessages":[],"meta":{},"tags":[]},{"ancestorTitles":["CAMBRA communication hard timing"],"fullName":"CAMBRA communication hard timing quality gate rejects canonical LLM tics","status":"passed","title":"quality gate rejects canonical LLM tics","duration":1.0942330000000027,"failureMessages":[],"meta":{},"tags":[]},{"ancestorTitles":["hardening static enforcement"],"fullName":"hardening static enforcement LLM cannot bypass delay and manual override is explicit admin path","status":"passed","title":"LLM cannot bypass delay and manual override is explicit admin path","duration":0.5689119999999832,"failureMessages":[],"meta":{},"tags":[]},{"ancestorTitles":["hardening static enforcement"],"fullName":"hardening static enforcement duplicate inbound and duplicate worker sends are deduped","status":"passed","title":"duplicate inbound and duplicate worker sends are deduped","duration":0.36620099999998956,"failureMessages":[],"meta":{},"tags":[]},{"ancestorTitles":["hardening static enforcement"],"fullName":"hardening static enforcement suppression is rechecked at send time","status":"passed","title":"suppression is rechecked at send time","duration":0.24197000000000912,"failureMessages":[],"meta":{},"tags":[]},{"ancestorTitles":["hardening static enforcement"],"fullName":"hardening static enforcement meeting uses real calendar and failure never invents slot","status":"passed","title":"meeting uses real calendar and failure never invents slot","duration":0.3731510000000071,"failureMessages":[],"meta":{},"tags":[]},{"ancestorTitles":["hardening static enforcement"],"fullName":"hardening static enforcement CRM sync does not mark contacted","status":"passed","title":"CRM sync does not mark contacted","duration":0.4688019999999824,"failureMessages":[],"meta":{},"tags":[]},{"ancestorTitles":["hardening static enforcement"],"fullName":"hardening static enforcement L4 provider terms and contract mismatch block","status":"passed","title":"L4 provider terms and contract mismatch block","duration":0.8434320000000071,"failureMessages":[],"meta":{},"tags":[]},{"ancestorTitles":["hardening static enforcement"],"fullName":"hardening static enforcement style failure regenerates/escalates and thread context is supplied","status":"passed","title":"style failure regenerates/escalates and thread context is supplied","duration":0.7912420000000111,"failureMessages":[],"meta":{},"tags":[]},{"ancestorTitles":["hardening static enforcement"],"fullName":"hardening static enforcement inbound email remains data, not authority","status":"passed","title":"inbound email remains data, not authority","duration":0.5497520000000122,"failureMessages":[],"meta":{},"tags":[]}],"startTime":1786395218782,"endTime":1786395218806.5498,"status":"passed","message":"","name":"/app/src/lib/commercialCommunicationHardening.test.js"},{"assertionResults":[{"ancestorTitles":["CAMBRA model router"],"fullName":"CAMBRA model router keeps Sonnet for volume and Opus for high reasoning with fallback","status":"passed","title":"keeps Sonnet for volume and Opus for high reasoning with fallback","duration":1.7176240000000007,"failureMessages":[],"meta":{},"tags":[]},{"ancestorTitles":["CAMBRA model router"],"fullName":"CAMBRA model router routes provider negotiation and Developer to high reasoning","status":"passed","title":"routes provider negotiation and Developer to high reasoning","duration":0.5133209999999906,"failureMessages":[],"meta":{},"tags":[]},{"ancestorTitles":["CAMBRA model router"],"fullName":"CAMBRA model router escalates complex inbound replies but keeps ordinary followups standard","status":"passed","title":"escalates complex inbound replies but keeps ordinary followups standard","duration":0.6055020000000013,"failureMessages":[],"meta":{},"tags":[]},{"ancestorTitles":["CAMBRA model router"],"fullName":"CAMBRA model router follow-up loop is active hourly and stops after policy max","status":"passed","title":"follow-up loop is active hourly and stops after policy max","duration":0.4948710000000176,"failureMessages":[],"meta":{},"tags":[]}],"startTime":1786395224780,"endTime":1786395224782.6055,"status":"passed","message":"","name":"/app/src/lib/commercialModelRouter.test.js"},{"assertionResults":[{"ancestorTitles":["commercial email signatures"],"fullName":"commercial email signatures enforces a deterministic signature after quality validation","status":"passed","title":"enforces a deterministic signature after quality validation","duration":2.185046,"failureMessages":[],"meta":{},"tags":[]},{"ancestorTitles":["commercial email signatures"],"fullName":"commercial email signatures sends signed body through both Outlook and Resend","status":"passed","title":"sends signed body through both Outlook and Resend","duration":0.30877100000000723,"failureMessages":[],"meta":{},"tags":[]}],"startTime":1786395225695,"endTime":1786395225697.3088,"status":"passed","message":"","name":"/app/src/lib/commercialSignature.test.js"},{"assertionResults":[{"ancestorTitles":["ConfidenceResult — exact enums"],"fullName":"ConfidenceResult — exact enums declares the authoritative enum values","status":"passed","title":"declares the authoritative enum values","duration":2.945537999999999,"failureMessages":[],"meta":{},"tags":[]},{"ancestorTitles":["ConfidenceResult — exact enums"],"fullName":"ConfidenceResult — exact enums has no score field anywhere in the contract","status":"passed","title":"has no score field anywhere in the contract","duration":1.9470760000000098,"failureMessages":[],"meta":{},"tags":[]},{"ancestorTitles":["ConfidenceResult — exact enums"],"fullName":"ConfidenceResult — exact enums rejects out-of-enum values instead of coercing them","status":"passed","title":"rejects out-of-enum values instead of coercing them","duration":0.851161999999988,"failureMessages":[],"meta":{},"tags":[]},{"ancestorTitles":["ConfidenceResult — freezeEligibility is always derived"],"fullName":"ConfidenceResult — freezeEligibility is always derived refuses a caller-supplied freezeEligibility in the assessment","status":"passed","title":"refuses a caller-supplied freezeEligibility in the assessment","duration":0.8399119999999982,"failureMessages":[],"meta":{},"tags":[]},{"ancestorTitles":["ConfidenceResult — freezeEligibility is always derived"],"fullName":"ConfidenceResult — freezeEligibility is always derived refuses a caller-supplied freezeEligibility at finalization","status":"passed","title":"refuses a caller-supplied freezeEligibility at finalization","duration":0.3700409999999863,"failureMessages":[],"meta":{},"tags":[]},{"ancestorTitles":["ConfidenceResult — freezeEligibility is always derived"],"fullName":"ConfidenceResult — freezeEligibility is always derived derives it from the policy, not from the input","status":"passed","title":"derives it from the policy, not from the input","duration":0.6916119999999921,"failureMessages":[],"meta":{},"tags":[]},{"ancestorTitles":["ConfidenceResult — exact result shape"],"fullName":"ConfidenceResult — exact result shape carries exactly the contract fields","status":"passed","title":"carries exactly the contract fields","duration":0.41322099999999296,"failureMessages":[],"meta":{},"tags":[]},{"ancestorTitles":["ConfidenceResult — exact result shape"],"fullName":"ConfidenceResult — exact result shape normalizes failedRules to { id, detail }","status":"passed","title":"normalizes failedRules to { id, detail }","duration":0.45911100000000715,"failureMessages":[],"meta":{},"tags":[]},{"ancestorTitles":["ConfidenceResult — exact result shape"],"fullName":"ConfidenceResult — exact result shape carries an explanation with reason and actionsToImprove","status":"passed","title":"carries an explanation with reason and actionsToImprove","duration":0.4287119999999902,"failureMessages":[],"meta":{},"tags":[]},{"ancestorTitles":["ConfidenceResult — deep immutability"],"fullName":"ConfidenceResult — deep immutability blocks deep mutation, not just top-level assignment","status":"passed","title":"blocks deep mutation, not just top-level assignment","duration":1.047902999999991,"failureMessages":[],"meta":{},"tags":[]},{"ancestorTitles":["ConfidenceResult — deep immutability"],"fullName":"ConfidenceResult — deep immutability deepFreeze survives cycles","status":"passed","title":"deepFreeze survives cycles","duration":0.32833000000002244,"failureMessages":[],"meta":{},"tags":[]},{"ancestorTitles":["stableSerialize / hashConfidenceResult — determinism"],"fullName":"stableSerialize / hashConfidenceResult — determinism is insensitive to key order","status":"passed","title":"is insensitive to key order","duration":0.34638100000000804,"failureMessages":[],"meta":{},"tags":[]},{"ancestorTitles":["stableSerialize / hashConfidenceResult — determinism"],"fullName":"stableSerialize / hashConfidenceResult — determinism preserves array order (order is semantic here)","status":"passed","title":"preserves array order (order is semantic here)","duration":0.2566499999999792,"failureMessages":[],"meta":{},"tags":[]},{"ancestorTitles":["stableSerialize / hashConfidenceResult — determinism"],"fullName":"stableSerialize / hashConfidenceResult — determinism normalizes equivalent instants to one representation","status":"passed","title":"normalizes equivalent instants to one representation","duration":3.016097999999971,"failureMessages":[],"meta":{},"tags":[]},{"ancestorTitles":["stableSerialize / hashConfidenceResult — determinism"],"fullName":"stableSerialize / hashConfidenceResult — determinism does not widen a plain calendar date into a datetime","status":"passed","title":"does not widen a plain calendar date into a datetime","duration":0.36759100000000444,"failureMessages":[],"meta":{},"tags":[]},{"ancestorTitles":["stableSerialize / hashConfidenceResult — determinism"],"fullName":"stableSerialize / hashConfidenceResult — determinism hashes the same result identically and a changed result differently","status":"passed","title":"hashes the same result identically and a changed result differently","duration":4.037989999999979,"failureMessages":[],"meta":{},"tags":[]},{"ancestorTitles":["stableSerialize / hashConfidenceResult — determinism"],"fullName":"stableSerialize / hashConfidenceResult — determinism computes SHA-256 correctly against known vectors","status":"passed","title":"computes SHA-256 correctly against known vectors","duration":1.0006930000000125,"failureMessages":[],"meta":{},"tags":[]}],"startTime":1786395217120,"endTime":1786395217140.0007,"status":"passed","message":"","name":"/app/src/lib/confidenceResult.test.js"},{"assertionResults":[{"ancestorTitles":["buildContractEconomicView"],"fullName":"buildContractEconomicView produces the economic view from a resolved mandate","status":"passed","title":"produces the economic view from a resolved mandate","duration":2.7584679999999935,"failureMessages":[],"meta":{},"tags":[]},{"ancestorTitles":["buildContractEconomicView"],"fullName":"buildContractEconomicView preserves a contractual fee of 0 (no fallback to 25)","status":"passed","title":"preserves a contractual fee of 0 (no fallback to 25)","duration":0.3596510000000137,"failureMessages":[],"meta":{},"tags":[]},{"ancestorTitles":["buildContractEconomicView"],"fullName":"buildContractEconomicView preserves a standard fee of 0 (no || fallback)","status":"passed","title":"preserves a standard fee of 0 (no || fallback)","duration":0.24595099999999093,"failureMessages":[],"meta":{},"tags":[]},{"ancestorTitles":["buildContractEconomicView"],"fullName":"buildContractEconomicView computes the discount as standard - effective","status":"passed","title":"computes the discount as standard - effective","duration":0.3132710000000145,"failureMessages":[],"meta":{},"tags":[]},{"ancestorTitles":["buildContractEconomicView"],"fullName":"buildContractEconomicView returns resolvable=false for an unresolvable contract","status":"passed","title":"returns resolvable=false for an unresolvable contract","duration":0.32115000000001714,"failureMessages":[],"meta":{},"tags":[]},{"ancestorTitles":["resolveContractPolicy — resolvable flag (v60.2)"],"fullName":"resolveContractPolicy — resolvable flag (v60.2) returns resolvable=true for a policy-enriched mandate snapshot","status":"passed","title":"returns resolvable=true for a policy-enriched mandate snapshot","duration":0.21629099999998402,"failureMessages":[],"meta":{},"tags":[]},{"ancestorTitles":["resolveContractPolicy — resolvable flag (v60.2)"],"fullName":"resolveContractPolicy — resolvable flag (v60.2) returns resolvable=true for a BillingRule","status":"passed","title":"returns resolvable=true for a BillingRule","duration":0.15869999999998186,"failureMessages":[],"meta":{},"tags":[]},{"ancestorTitles":["resolveContractPolicy — resolvable flag (v60.2)"],"fullName":"resolveContractPolicy — resolvable flag (v60.2) returns resolvable=true for a report with effective_fee_pct","status":"passed","title":"returns resolvable=true for a report with effective_fee_pct","duration":0.14967099999998368,"failureMessages":[],"meta":{},"tags":[]},{"ancestorTitles":["resolveContractPolicy — resolvable flag (v60.2)"],"fullName":"resolveContractPolicy — resolvable flag (v60.2) returns resolvable=false when no fee can be found","status":"passed","title":"returns resolvable=false when no fee can be found","duration":0.24852999999998815,"failureMessages":[],"meta":{},"tags":[]},{"ancestorTitles":["resolveContractPolicy — resolvable flag (v60.2)"],"fullName":"resolveContractPolicy — resolvable flag (v60.2) falls through to BillingRule when a policy-enriched snapshot has no fee_pct","status":"passed","title":"falls through to BillingRule when a policy-enriched snapshot has no fee_pct","duration":0.3131010000000174,"failureMessages":[],"meta":{},"tags":[]},{"ancestorTitles":["resolveContractPolicy — resolvable flag (v60.2)"],"fullName":"resolveContractPolicy — resolvable flag (v60.2) preserves merchant_share_pct of 0 (no || 75 fallback)","status":"passed","title":"preserves merchant_share_pct of 0 (no || 75 fallback)","duration":0.30720099999999206,"failureMessages":[],"meta":{},"tags":[]},{"ancestorTitles":["resolveContractPolicy — resolvable flag (v60.2)"],"fullName":"resolveContractPolicy — resolvable flag (v60.2) preserves fee_duration_months of 0 (no || 24 fallback)","status":"passed","title":"preserves fee_duration_months of 0 (no || 24 fallback)","duration":0.18529100000000653,"failureMessages":[],"meta":{},"tags":[]},{"ancestorTitles":["fee 0 preservation — no silent fallback to 25"],"fullName":"fee 0 preservation — no silent fallback to 25 a contractual fee of 0 is preserved through the resolver","status":"passed","title":"a contractual fee of 0 is preserved through the resolver","duration":0.25785999999999376,"failureMessages":[],"meta":{},"tags":[]},{"ancestorTitles":["fee 0 preservation — no silent fallback to 25"],"fullName":"fee 0 preservation — no silent fallback to 25 a contractual fee of 0 is preserved through the economic view","status":"passed","title":"a contractual fee of 0 is preserved through the economic view","duration":0.35195099999998547,"failureMessages":[],"meta":{},"tags":[]},{"ancestorTitles":["fee 0 preservation — no silent fallback to 25"],"fullName":"fee 0 preservation — no silent fallback to 25 a standard_fee_pct of 0 is preserved in the economic view (no || getSuccessFeePct)","status":"passed","title":"a standard_fee_pct of 0 is preserved in the economic view (no || getSuccessFeePct)","duration":0.28958100000002673,"failureMessages":[],"meta":{},"tags":[]},{"ancestorTitles":["policy A → B immutability across all surfaces"],"fullName":"policy A → B immutability across all surfaces contract A stays A after policy B (resolver + economic view)","status":"passed","title":"contract A stays A after policy B (resolver + economic view)","duration":5.234263999999996,"failureMessages":[],"meta":{},"tags":[]},{"ancestorTitles":["policy A → B immutability across all surfaces"],"fullName":"policy A → B immutability across all surfaces a second MonthlySavingsReport under A uses A terms (simulated)","status":"passed","title":"a second MonthlySavingsReport under A uses A terms (simulated)","duration":0.39520100000001435,"failureMessages":[],"meta":{},"tags":[]},{"ancestorTitles":["policy A → B immutability across all surfaces"],"fullName":"policy A → B immutability across all surfaces BillingRule A conserves A terms","status":"passed","title":"BillingRule A conserves A terms","duration":0.16005100000000994,"failureMessages":[],"meta":{},"tags":[]},{"ancestorTitles":["override in economic view"],"fullName":"override in economic view override is visible in the economic view","status":"passed","title":"override is visible in the economic view","duration":0.41067099999997936,"failureMessages":[],"meta":{},"tags":[]},{"ancestorTitles":["tenant isolation — resolveOwnedActivation"],"fullName":"tenant isolation — resolveOwnedActivation User A can resolve their own activation","status":"passed","title":"User A can resolve their own activation","duration":0.5786520000000053,"failureMessages":[],"meta":{},"tags":[]},{"ancestorTitles":["tenant isolation — resolveOwnedActivation"],"fullName":"tenant isolation — resolveOwnedActivation User A cannot resolve User B's activation (different email, different brand)","status":"passed","title":"User A cannot resolve User B's activation (different email, different brand)","duration":0.20927000000000362,"failureMessages":[],"meta":{},"tags":[]},{"ancestorTitles":["tenant isolation — resolveOwnedActivation"],"fullName":"tenant isolation — resolveOwnedActivation admin can resolve any activation","status":"passed","title":"admin can resolve any activation","duration":0.1850509999999872,"failureMessages":[],"meta":{},"tags":[]},{"ancestorTitles":["tenant isolation — resolveOwnedActivation"],"fullName":"tenant isolation — resolveOwnedActivation a user without a brand cannot resolve an activation","status":"passed","title":"a user without a brand cannot resolve an activation","duration":0.15972999999999615,"failureMessages":[],"meta":{},"tags":[]},{"ancestorTitles":["tenant isolation — resolveOwnedActivation"],"fullName":"tenant isolation — resolveOwnedActivation returns 404 for a non-existent activation","status":"passed","title":"returns 404 for a non-existent activation","duration":0.1950909999999908,"failureMessages":[],"meta":{},"tags":[]},{"ancestorTitles":["coherence validation — mismatched entities"],"fullName":"coherence validation — mismatched entities detects a mandate and report from different brands","status":"passed","title":"detects a mandate and report from different brands","duration":0.1692809999999838,"failureMessages":[],"meta":{},"tags":[]},{"ancestorTitles":["coherence validation — mismatched entities"],"fullName":"coherence validation — mismatched entities detects a snapshot hash that does not match the mandate","status":"passed","title":"detects a snapshot hash that does not match the mandate","duration":2.70451700000001,"failureMessages":[],"meta":{},"tags":[]},{"ancestorTitles":["coherence validation — mismatched entities"],"fullName":"coherence validation — mismatched entities detects a policy_version mismatch between report and snapshot","status":"passed","title":"detects a policy_version mismatch between report and snapshot","duration":0.23152999999999224,"failureMessages":[],"meta":{},"tags":[]},{"ancestorTitles":["coherence validation — mismatched entities"],"fullName":"coherence validation — mismatched entities detects a currency inconsistency","status":"passed","title":"detects a currency inconsistency","duration":0.12044099999999958,"failureMessages":[],"meta":{},"tags":[]},{"ancestorTitles":["legacy resolution"],"fullName":"legacy resolution legacy with fee_pct in snapshot resolves","status":"passed","title":"legacy with fee_pct in snapshot resolves","duration":0.16231999999999402,"failureMessages":[],"meta":{},"tags":[]},{"ancestorTitles":["legacy resolution"],"fullName":"legacy resolution legacy with BillingRule resolves","status":"passed","title":"legacy with BillingRule resolves","duration":0.11563100000000759,"failureMessages":[],"meta":{},"tags":[]},{"ancestorTitles":["legacy resolution"],"fullName":"legacy resolution legacy with report effective_fee_pct resolves","status":"passed","title":"legacy with report effective_fee_pct resolves","duration":0.12033999999999878,"failureMessages":[],"meta":{},"tags":[]},{"ancestorTitles":["legacy resolution"],"fullName":"legacy resolution legacy ambiguous (no fee anywhere) is unresolvable and blocks","status":"passed","title":"legacy ambiguous (no fee anywhere) is unresolvable and blocks","duration":0.09380000000001587,"failureMessages":[],"meta":{},"tags":[]},{"ancestorTitles":["legacy resolution"],"fullName":"legacy resolution legacy does not invent a policyVersion","status":"passed","title":"legacy does not invent a policyVersion","duration":0.10695099999998092,"failureMessages":[],"meta":{},"tags":[]},{"ancestorTitles":["rejectClientTerms — manipulated payload"],"fullName":"rejectClientTerms — manipulated payload rejects a manipulated fee","status":"passed","title":"rejects a manipulated fee","duration":0.1428500000000099,"failureMessages":[],"meta":{},"tags":[]},{"ancestorTitles":["rejectClientTerms — manipulated payload"],"fullName":"rejectClientTerms — manipulated payload rejects a manipulated policyVersion","status":"passed","title":"rejects a manipulated policyVersion","duration":0.09577999999999065,"failureMessages":[],"meta":{},"tags":[]},{"ancestorTitles":["rejectClientTerms — manipulated payload"],"fullName":"rejectClientTerms — manipulated payload rejects a manipulated snapshotHash","status":"passed","title":"rejects a manipulated snapshotHash","duration":0.084731000000005,"failureMessages":[],"meta":{},"tags":[]},{"ancestorTitles":["rejectClientTerms — manipulated payload"],"fullName":"rejectClientTerms — manipulated payload rejects a manipulated duration","status":"passed","title":"rejects a manipulated duration","duration":0.06423000000000911,"failureMessages":[],"meta":{},"tags":[]},{"ancestorTitles":["rejectClientTerms — manipulated payload"],"fullName":"rejectClientTerms — manipulated payload accepts a clean payload with only allowed keys","status":"passed","title":"accepts a clean payload with only allowed keys","duration":0.0694599999999923,"failureMessages":[],"meta":{},"tags":[]},{"ancestorTitles":["idempotency — same inputs produce same hash"],"fullName":"idempotency — same inputs produce same hash retry produces the same snapshot hash","status":"passed","title":"retry produces the same snapshot hash","duration":15.624381999999997,"failureMessages":[],"meta":{},"tags":[]},{"ancestorTitles":["idempotency — same inputs produce same hash"],"fullName":"idempotency — same inputs produce same hash different policy produces different hash","status":"passed","title":"different policy produces different hash","duration":0.38826099999999997,"failureMessages":[],"meta":{},"tags":[]},{"ancestorTitles":["PDF economic resolution path (via buildContractEconomicView)"],"fullName":"PDF economic resolution path (via buildContractEconomicView) standard contract: 25% / 75% / 24 months","status":"passed","title":"standard contract: 25% / 75% / 24 months","duration":0.2036499999999819,"failureMessages":[],"meta":{},"tags":[]},{"ancestorTitles":["PDF economic resolution path (via buildContractEconomicView)"],"fullName":"PDF economic resolution path (via buildContractEconomicView) override contract: shows override fee, not standard","status":"passed","title":"override contract: shows override fee, not standard","duration":0.15197999999998046,"failureMessages":[],"meta":{},"tags":[]},{"ancestorTitles":["PDF economic resolution path (via buildContractEconomicView)"],"fullName":"PDF economic resolution path (via buildContractEconomicView) fee 0 contract: 0 is preserved (no fall to 25)","status":"passed","title":"fee 0 contract: 0 is preserved (no fall to 25)","duration":0.11405999999999494,"failureMessages":[],"meta":{},"tags":[]},{"ancestorTitles":["PDF economic resolution path (via buildContractEconomicView)"],"fullName":"PDF economic resolution path (via buildContractEconomicView) policy A → B: historical PDF stays A","status":"passed","title":"policy A → B: historical PDF stays A","duration":0.1801900000000387,"failureMessages":[],"meta":{},"tags":[]},{"ancestorTitles":["PDF economic resolution path (via buildContractEconomicView)"],"fullName":"PDF economic resolution path (via buildContractEconomicView) legacy resolvable: uses legacy values","status":"passed","title":"legacy resolvable: uses legacy values","duration":0.14262999999999693,"failureMessages":[],"meta":{},"tags":[]},{"ancestorTitles":["PDF economic resolution path (via buildContractEconomicView)"],"fullName":"PDF economic resolution path (via buildContractEconomicView) legacy ambiguous: unresolvable blocks PDF generation","status":"passed","title":"legacy ambiguous: unresolvable blocks PDF generation","duration":0.12119100000001026,"failureMessages":[],"meta":{},"tags":[]},{"ancestorTitles":["PDF economic resolution path (via buildContractEconomicView)"],"fullName":"PDF economic resolution path (via buildContractEconomicView) retry: same snapshot → same economic view → same hash","status":"passed","title":"retry: same snapshot → same economic view → same hash","duration":0.24840999999997848,"failureMessages":[],"meta":{},"tags":[]}],"startTime":1786395219209,"endTime":1786395219246.2483,"status":"passed","message":"","name":"/app/src/lib/contractPolicyE2E.test.js"},{"assertionResults":[{"ancestorTitles":["buildContractPolicySnapshot"],"fullName":"buildContractPolicySnapshot produces a snapshot with the canonical schema version","status":"passed","title":"produces a snapshot with the canonical schema version","duration":1.7432440000000042,"failureMessages":[],"meta":{},"tags":[]},{"ancestorTitles":["buildContractPolicySnapshot"],"fullName":"buildContractPolicySnapshot carries policyVersion and effectiveDate from the generated policy","status":"passed","title":"carries policyVersion and effectiveDate from the generated policy","duration":0.31591099999999983,"failureMessages":[],"meta":{},"tags":[]},{"ancestorTitles":["buildContractPolicySnapshot"],"fullName":"buildContractPolicySnapshot marks policySource as product_policy_registry","status":"passed","title":"marks policySource as product_policy_registry","duration":0.4353619999999978,"failureMessages":[],"meta":{},"tags":[]},{"ancestorTitles":["buildContractPolicySnapshot"],"fullName":"buildContractPolicySnapshot stores success fee as both rate and pct","status":"passed","title":"stores success fee as both rate and pct","duration":0.4251209999999901,"failureMessages":[],"meta":{},"tags":[]},{"ancestorTitles":["buildContractPolicySnapshot"],"fullName":"buildContractPolicySnapshot stores merchant share as both rate and pct","status":"passed","title":"stores merchant share as both rate and pct","duration":0.24276000000000408,"failureMessages":[],"meta":{},"tags":[]},{"ancestorTitles":["buildContractPolicySnapshot"],"fullName":"buildContractPolicySnapshot stores the fee duration in months","status":"passed","title":"stores the fee duration in months","duration":0.17824099999998566,"failureMessages":[],"meta":{},"tags":[]},{"ancestorTitles":["buildContractPolicySnapshot"],"fullName":"buildContractPolicySnapshot stores the fee base","status":"passed","title":"stores the fee base","duration":0.16032999999998765,"failureMessages":[],"meta":{},"tags":[]},{"ancestorTitles":["buildContractPolicySnapshot"],"fullName":"buildContractPolicySnapshot stores the currency","status":"passed","title":"stores the currency","duration":0.20955099999997628,"failureMessages":[],"meta":{},"tags":[]},{"ancestorTitles":["buildContractPolicySnapshot"],"fullName":"buildContractPolicySnapshot stores template and document versions","status":"passed","title":"stores template and document versions","duration":0.2876409999999794,"failureMessages":[],"meta":{},"tags":[]},{"ancestorTitles":["buildContractPolicySnapshot"],"fullName":"buildContractPolicySnapshot stores the referral ladder terms","status":"passed","title":"stores the referral ladder terms","duration":0.31661099999999465,"failureMessages":[],"meta":{},"tags":[]},{"ancestorTitles":["buildContractPolicySnapshot"],"fullName":"buildContractPolicySnapshot stores the Stripe integration status at acceptance","status":"passed","title":"stores the Stripe integration status at acceptance","duration":0.1721300000000099,"failureMessages":[],"meta":{},"tags":[]},{"ancestorTitles":["buildContractPolicySnapshot"],"fullName":"buildContractPolicySnapshot records contract identifiers","status":"passed","title":"records contract identifiers","duration":0.18157099999999105,"failureMessages":[],"meta":{},"tags":[]},{"ancestorTitles":["buildContractPolicySnapshot"],"fullName":"buildContractPolicySnapshot defaults to no override","status":"passed","title":"defaults to no override","duration":0.19377000000000066,"failureMessages":[],"meta":{},"tags":[]},{"ancestorTitles":["buildContractPolicySnapshot"],"fullName":"buildContractPolicySnapshot includes an authorised override when provided","status":"passed","title":"includes an authorised override when provided","duration":0.747242,"failureMessages":[],"meta":{},"tags":[]},{"ancestorTitles":["buildContractPolicySnapshot"],"fullName":"buildContractPolicySnapshot throws if the policy is missing","status":"passed","title":"throws if the policy is missing","duration":0.7527320000000088,"failureMessages":[],"meta":{},"tags":[]},{"ancestorTitles":["resolveContractPolicy"],"fullName":"resolveContractPolicy resolves from a mandate snapshot with policy_version","status":"passed","title":"resolves from a mandate snapshot with policy_version","duration":0.499401000000006,"failureMessages":[],"meta":{},"tags":[]},{"ancestorTitles":["resolveContractPolicy"],"fullName":"resolveContractPolicy resolves from a BillingRule with policy_version","status":"passed","title":"resolves from a BillingRule with policy_version","duration":0.2266209999999944,"failureMessages":[],"meta":{},"tags":[]},{"ancestorTitles":["resolveContractPolicy"],"fullName":"resolveContractPolicy resolves from a BillingRule without policy_version as legacy","status":"passed","title":"resolves from a BillingRule without policy_version as legacy","duration":0.1949809999999843,"failureMessages":[],"meta":{},"tags":[]},{"ancestorTitles":["resolveContractPolicy"],"fullName":"resolveContractPolicy resolves from a MonthlySavingsReport","status":"passed","title":"resolves from a MonthlySavingsReport","duration":0.1818500000000256,"failureMessages":[],"meta":{},"tags":[]},{"ancestorTitles":["resolveContractPolicy"],"fullName":"resolveContractPolicy precedence: mandate snapshot wins over BillingRule","status":"passed","title":"precedence: mandate snapshot wins over BillingRule","duration":0.25626099999999497,"failureMessages":[],"meta":{},"tags":[]},{"ancestorTitles":["resolveLegacyContractTerms"],"fullName":"resolveLegacyContractTerms reads fee_pct from an old snapshot without policy_version","status":"passed","title":"reads fee_pct from an old snapshot without policy_version","duration":0.3325510000000236,"failureMessages":[],"meta":{},"tags":[]},{"ancestorTitles":["resolveLegacyContractTerms"],"fullName":"resolveLegacyContractTerms reads node_share_percent from a legacy BillingRule","status":"passed","title":"reads node_share_percent from a legacy BillingRule","duration":0.18257099999999582,"failureMessages":[],"meta":{},"tags":[]},{"ancestorTitles":["resolveLegacyContractTerms"],"fullName":"resolveLegacyContractTerms reads effective_fee_pct from a legacy report","status":"passed","title":"reads effective_fee_pct from a legacy report","duration":0.15782999999998992,"failureMessages":[],"meta":{},"tags":[]},{"ancestorTitles":["resolveLegacyContractTerms"],"fullName":"resolveLegacyContractTerms does not invent a policyVersion for legacy records","status":"passed","title":"does not invent a policyVersion for legacy records","duration":0.12516100000001984,"failureMessages":[],"meta":{},"tags":[]},{"ancestorTitles":["resolveLegacyContractTerms"],"fullName":"resolveLegacyContractTerms returns unresolvable when no fee is present","status":"passed","title":"returns unresolvable when no fee is present","duration":0.5982410000000016,"failureMessages":[],"meta":{},"tags":[]},{"ancestorTitles":["hash and canonical serialization"],"fullName":"hash and canonical serialization same snapshot → same hash","status":"passed","title":"same snapshot → same hash","duration":4.252681999999993,"failureMessages":[],"meta":{},"tags":[]},{"ancestorTitles":["hash and canonical serialization"],"fullName":"hash and canonical serialization different fee → different hash","status":"passed","title":"different fee → different hash","duration":4.624002000000019,"failureMessages":[],"meta":{},"tags":[]},{"ancestorTitles":["hash and canonical serialization"],"fullName":"hash and canonical serialization key order does not change the hash","status":"passed","title":"key order does not change the hash","duration":0.16919099999998366,"failureMessages":[],"meta":{},"tags":[]},{"ancestorTitles":["hash and canonical serialization"],"fullName":"hash and canonical serialization retry produces the same hash (idempotency)","status":"passed","title":"retry produces the same hash (idempotency)","duration":12.545762999999994,"failureMessages":[],"meta":{},"tags":[]},{"ancestorTitles":["override audit"],"fullName":"override audit override is recorded in the snapshot","status":"passed","title":"override is recorded in the snapshot","duration":0.13905099999999493,"failureMessages":[],"meta":{},"tags":[]},{"ancestorTitles":["override audit"],"fullName":"override audit resolver reports hasOverride from the snapshot","status":"passed","title":"resolver reports hasOverride from the snapshot","duration":0.12706999999997493,"failureMessages":[],"meta":{},"tags":[]},{"ancestorTitles":["override audit"],"fullName":"override audit a standard contract has no override","status":"passed","title":"a standard contract has no override","duration":0.09663000000000466,"failureMessages":[],"meta":{},"tags":[]},{"ancestorTitles":["rejectClientTerms"],"fullName":"rejectClientTerms accepts an empty payload","status":"passed","title":"accepts an empty payload","duration":0.11982100000000173,"failureMessages":[],"meta":{},"tags":[]},{"ancestorTitles":["rejectClientTerms"],"fullName":"rejectClientTerms rejects a payload that carries successFeeRate","status":"passed","title":"rejects a payload that carries successFeeRate","duration":0.18947000000000003,"failureMessages":[],"meta":{},"tags":[]},{"ancestorTitles":["rejectClientTerms"],"fullName":"rejectClientTerms rejects a payload that carries feeDurationMonths","status":"passed","title":"rejects a payload that carries feeDurationMonths","duration":0.09707999999997696,"failureMessages":[],"meta":{},"tags":[]},{"ancestorTitles":["rejectClientTerms"],"fullName":"rejectClientTerms rejects a payload that carries policy_version","status":"passed","title":"rejects a payload that carries policy_version","duration":0.07353100000000268,"failureMessages":[],"meta":{},"tags":[]},{"ancestorTitles":["rejectClientTerms"],"fullName":"rejectClientTerms rejects a payload that carries snapshot_hash","status":"passed","title":"rejects a payload that carries snapshot_hash","duration":0.06887000000000398,"failureMessages":[],"meta":{},"tags":[]},{"ancestorTitles":["rejectClientTerms"],"fullName":"rejectClientTerms accepts unrelated payload keys (mandate_id, signed_by_name)","status":"passed","title":"accepts unrelated payload keys (mandate_id, signed_by_name)","duration":0.06504999999998518,"failureMessages":[],"meta":{},"tags":[]},{"ancestorTitles":["immutability — policy A → policy B"],"fullName":"immutability — policy A → policy B an accepted contract under policy A is NOT altered by policy B","status":"passed","title":"an accepted contract under policy A is NOT altered by policy B","duration":0.48075099999999793,"failureMessages":[],"meta":{},"tags":[]},{"ancestorTitles":["immutability — policy A → policy B"],"fullName":"immutability — policy A → policy B hash A is stable across retries (idempotency)","status":"passed","title":"hash A is stable across retries (idempotency)","duration":0.5967320000000029,"failureMessages":[],"meta":{},"tags":[]},{"ancestorTitles":["parity with generated policy constants"],"fullName":"parity with generated policy constants snapshot economic terms match the policy values","status":"passed","title":"snapshot economic terms match the policy values","duration":0.12787999999997623,"failureMessages":[],"meta":{},"tags":[]},{"ancestorTitles":["parity with generated policy constants"],"fullName":"parity with generated policy constants snapshot referral terms match the policy values","status":"passed","title":"snapshot referral terms match the policy values","duration":0.10286100000001852,"failureMessages":[],"meta":{},"tags":[]}],"startTime":1786395218937,"endTime":1786395218971.5967,"status":"passed","message":"","name":"/app/src/lib/contractPolicySnapshot.test.js"},{"assertionResults":[{"ancestorTitles":["Copilot payments-only coherence (P0.1)"],"fullName":"Copilot payments-only coherence (P0.1) does not describe \"Scores payments, shipping, SaaS\" as a current service","status":"passed","title":"does not describe \"Scores payments, shipping, SaaS\" as a current service","duration":1.8995850000000019,"failureMessages":[],"meta":{},"tags":[]},{"ancestorTitles":["Copilot payments-only coherence (P0.1)"],"fullName":"Copilot payments-only coherence (P0.1) does not describe \"Payments & Shipping recovery\" as a current service","status":"passed","title":"does not describe \"Payments & Shipping recovery\" as a current service","duration":0.1728999999999985,"failureMessages":[],"meta":{},"tags":[]},{"ancestorTitles":["Copilot payments-only coherence (P0.1)"],"fullName":"Copilot payments-only coherence (P0.1) does not describe \"SaaS optimization: FREE\" as a current service","status":"passed","title":"does not describe \"SaaS optimization: FREE\" as a current service","duration":0.14188000000001466,"failureMessages":[],"meta":{},"tags":[]},{"ancestorTitles":["Copilot payments-only coherence (P0.1)"],"fullName":"Copilot payments-only coherence (P0.1) does not describe \"SaaS savings 0% fee\" as a current service","status":"passed","title":"does not describe \"SaaS savings 0% fee\" as a current service","duration":0.19423100000000204,"failureMessages":[],"meta":{},"tags":[]},{"ancestorTitles":["Copilot payments-only coherence (P0.1)"],"fullName":"Copilot payments-only coherence (P0.1) does not describe \"recover margin brands lose on payments, shipping, SaaS and banking\" as a current service","status":"passed","title":"does not describe \"recover margin brands lose on payments, shipping, SaaS and banking\" as a current service","duration":0.1921609999999987,"failureMessages":[],"meta":{},"tags":[]},{"ancestorTitles":["Copilot payments-only coherence (P0.1)"],"fullName":"Copilot payments-only coherence (P0.1) does not describe \"we identify overpayment across payments, shipping, SaaS\" as a current service","status":"passed","title":"does not describe \"we identify overpayment across payments, shipping, SaaS\" as a current service","duration":0.17595999999997503,"failureMessages":[],"meta":{},"tags":[]},{"ancestorTitles":["Copilot payments-only coherence (P0.1)"],"fullName":"Copilot payments-only coherence (P0.1) does not describe \"shipping providers, etc.\" as a current service","status":"passed","title":"does not describe \"shipping providers, etc.\" as a current service","duration":0.11878999999998996,"failureMessages":[],"meta":{},"tags":[]},{"ancestorTitles":["Copilot payments-only coherence (P0.1)"],"fullName":"Copilot payments-only coherence (P0.1) mentions card payment cost audit","status":"passed","title":"mentions card payment cost audit","duration":0.230150999999978,"failureMessages":[],"meta":{},"tags":[]},{"ancestorTitles":["Copilot payments-only coherence (P0.1)"],"fullName":"Copilot payments-only coherence (P0.1) states the Analyzer is free","status":"passed","title":"states the Analyzer is free","duration":0.31029100000000653,"failureMessages":[],"meta":{},"tags":[]},{"ancestorTitles
[...]
":0.1499600000000214,"failureMessages":[],"meta":{},"tags":[]},{"ancestorTitles":["normalizeBigCommerceOrders — BigCommerce Orders v2"],"fullName":"normalizeBigCommerceOrders — BigCommerce Orders v2 T4c — real currency_code is preserved (no whitelist coercion)","status":"passed","title":"T4c — real currency_code is preserved (no whitelist coercion)","duration":0.14432000000002176,"failureMessages":[],"meta":{},"tags":[]},{"ancestorTitles":["normalizeBigCommerceOrders — BigCommerce Orders v2"],"fullName":"normalizeBigCommerceOrders — BigCommerce Orders v2 T5 — known BigCommerce status strings are preserved verbatim","status":"passed","title":"T5 — known BigCommerce status strings are preserved verbatim","duration":0.4576619999999991,"failureMessages":[],"meta":{},"tags":[]},{"ancestorTitles":["normalizeBigCommerceOrders — BigCommerce Orders v2"],"fullName":"normalizeBigCommerceOrders — BigCommerce Orders v2 T5b — unknown / garbage status string is ALSO preserved (no whitelist)","status":"passed","title":"T5b — unknown / garbage status string is ALSO preserved (no whitelist)","duration":0.28355999999999426,"failureMessages":[],"meta":{},"tags":[]},{"ancestorTitles":["normalizeBigCommerceOrders — BigCommerce Orders v2"],"fullName":"normalizeBigCommerceOrders — BigCommerce Orders v2 T5c — status absent → falls back to String(status_id)","status":"passed","title":"T5c — status absent → falls back to String(status_id)","duration":0.18217099999998254,"failureMessages":[],"meta":{},"tags":[]},{"ancestorTitles":["normalizeBigCommerceOrders — BigCommerce Orders v2"],"fullName":"normalizeBigCommerceOrders — BigCommerce Orders v2 T5d — both status and status_id absent → null","status":"passed","title":"T5d — both status and status_id absent → null","duration":0.14875999999998157,"failureMessages":[],"meta":{},"tags":[]},{"ancestorTitles":["normalizeBigCommerceOrders — BigCommerce Orders v2"],"fullName":"normalizeBigCommerceOrders — BigCommerce Orders v2 T5e — empty-string status falls back to status_id (textual rule requires length>0)","status":"passed","title":"T5e — empty-string status falls back to status_id (textual rule requires length>0)","duration":0.14814100000000963,"failureMessages":[],"meta":{},"tags":[]},{"ancestorTitles":["normalizeBigCommerceOrders — BigCommerce Orders v2"],"fullName":"normalizeBigCommerceOrders — BigCommerce Orders v2 T6a — missing total_tax → tax: 0, row still emitted","status":"passed","title":"T6a — missing total_tax → tax: 0, row still emitted","duration":0.4473509999999976,"failureMessages":[],"meta":{},"tags":[]},{"ancestorTitles":["normalizeBigCommerceOrders — BigCommerce Orders v2"],"fullName":"normalizeBigCommerceOrders — BigCommerce Orders v2 T6b — total_tax = '0.00' → tax: 0","status":"passed","title":"T6b — total_tax = '0.00' → tax: 0","duration":0.2605509999999924,"failureMessages":[],"meta":{},"tags":[]},{"ancestorTitles":["normalizeBigCommerceOrders — BigCommerce Orders v2"],"fullName":"normalizeBigCommerceOrders — BigCommerce Orders v2 T6c — total_tax = '' (empty string) → tax: 0","status":"passed","title":"T6c — total_tax = '' (empty string) → tax: 0","duration":0.2106899999999996,"failureMessages":[],"meta":{},"tags":[]},{"ancestorTitles":["normalizeBigCommerceOrders — BigCommerce Orders v2"],"fullName":"normalizeBigCommerceOrders — BigCommerce Orders v2 T6d — total_tax garbage → tax: 0 (toNum fallback)","status":"passed","title":"T6d — total_tax garbage → tax: 0 (toNum fallback)","duration":0.15260000000000673,"failureMessages":[],"meta":{},"tags":[]},{"ancestorTitles":["normalizeBigCommerceOrders — BigCommerce Orders v2"],"fullName":"normalizeBigCommerceOrders — BigCommerce Orders v2 T7a — bare array root (correct v2 shape) → rows emitted","status":"passed","title":"T7a — bare array root (correct v2 shape) → rows emitted","duration":0.20733099999998217,"failureMessages":[],"meta":{},"tags":[]},{"ancestorTitles":["normalizeBigCommerceOrders — BigCommerce Orders v2"],"fullName":"normalizeBigCommerceOrders — BigCommerce Orders v2 T7b — object wrapper { orders: [...] } → 0 rows (no fallback to other keys)","status":"passed","title":"T7b — object wrapper { orders: [...] } → 0 rows (no fallback to other keys)","duration":0.15480999999999767,"failureMessages":[],"meta":{},"tags":[]},{"ancestorTitles":["normalizeBigCommerceOrders — BigCommerce Orders v2"],"fullName":"normalizeBigCommerceOrders — BigCommerce Orders v2 T7c — bare object without any array → 0 rows","status":"passed","title":"T7c — bare object without any array → 0 rows","duration":0.4312110000000189,"failureMessages":[],"meta":{},"tags":[]},{"ancestorTitles":["normalizeBigCommerceOrders — BigCommerce Orders v2"],"fullName":"normalizeBigCommerceOrders — BigCommerce Orders v2 T7d — { data: [...] } wrapper (Stripe-style) → 0 rows (no cross-provider fallback)","status":"passed","title":"T7d — { data: [...] } wrapper (Stripe-style) → 0 rows (no cross-provider fallback)","duration":0.20705100000000698,"failureMessages":[],"meta":{},"tags":[]},{"ancestorTitles":["normalizeBigCommerceOrders — BigCommerce Orders v2"],"fullName":"normalizeBigCommerceOrders — BigCommerce Orders v2 T8 — fee is always 0 regardless of input fields","status":"passed","title":"T8 — fee is always 0 regardless of input fields","duration":0.46943099999998594,"failureMessages":[],"meta":{},"tags":[]},{"ancestorTitles":["normalizeBigCommerceOrders — BigCommerce Orders v2"],"fullName":"normalizeBigCommerceOrders — BigCommerce Orders v2 T9a — total_inc_tax as number → amount: number (no NaN)","status":"passed","title":"T9a — total_inc_tax as number → amount: number (no NaN)","duration":0.1598199999999963,"failureMessages":[],"meta":{},"tags":[]},{"ancestorTitles":["normalizeBigCommerceOrders — BigCommerce Orders v2"],"fullName":"normalizeBigCommerceOrders — BigCommerce Orders v2 T9b — total_inc_tax as string → amount: number","status":"passed","title":"T9b — total_inc_tax as string → amount: number","duration":0.20255000000000223,"failureMessages":[],"meta":{},"tags":[]},{"ancestorTitles":["normalizeBigCommerceOrders — BigCommerce Orders v2"],"fullName":"normalizeBigCommerceOrders — BigCommerce Orders v2 T9c — mixed page (some number, some string) → all numeric, none NaN","status":"passed","title":"T9c — mixed page (some number, some string) → all numeric, none NaN","duration":0.36903099999997835,"failureMessages":[],"meta":{},"tags":[]}],"startTime":1786395221072,"endTime":1786395221081.3691,"status":"passed","message":"","name":"/app/src/lib/normalizers/bigcommerce.test.js"},{"assertionResults":[{"ancestorTitles":["Stripe normalizer — behavior parity across the 7 canonical fixtures"],"fullName":"Stripe normalizer — behavior parity across the 7 canonical fixtures fixture charges.json — src output === Deno parity-copy output","status":"passed","title":"fixture charges.json — src output === Deno parity-copy output","duration":2.5214670000000012,"failureMessages":[],"meta":{},"tags":[]},{"ancestorTitles":["Stripe normalizer — behavior parity across the 7 canonical fixtures"],"fullName":"Stripe normalizer — behavior parity across the 7 canonical fixtures fixture refunds.json — src output === Deno parity-copy output","status":"passed","title":"fixture refunds.json — src output === Deno parity-copy output","duration":0.37204099999999585,"failureMessages":[],"meta":{},"tags":[]},{"ancestorTitles":["Stripe normalizer — behavior parity across the 7 canonical fixtures"],"fullName":"Stripe normalizer — behavior parity across the 7 canonical fixtures fixture disputes.json — src output === Deno parity-copy output","status":"passed","title":"fixture disputes.json — src output === Deno parity-copy output","duration":0.2751609999999971,"failureMessages":[],"meta":{},"tags":[]},{"ancestorTitles":["Stripe normalizer — behavior parity across the 7 canonical fixtures"],"fullName":"Stripe normalizer — behavior parity across the 7 canonical fixtures fixture payouts_and_transfers.json — src output === Deno parity-copy output","status":"passed","title":"fixture payouts_and_transfers.json — src output === Deno parity-copy output","duration":0.35702100000000314,"failureMessages":[],"meta":{},"tags":[]},{"ancestorTitles":["Stripe normalizer — behavior parity across the 7 canonical fixtures"],"fullName":"Stripe normalizer — behavior parity across the 7 canonical fixtures fixture application_fees.json — src output === Deno parity-copy output","status":"passed","title":"fixture application_fees.json — src output === Deno parity-copy output","duration":0.35250100000001794,"failureMessages":[],"meta":{},"tags":[]},{"ancestorTitles":["Stripe normalizer — behavior parity across the 7 canonical fixtures"],"fullName":"Stripe normalizer — behavior parity across the 7 canonical fixtures fixture multi_currency.json — src output === Deno parity-copy output","status":"passed","title":"fixture multi_currency.json — src output === Deno parity-copy output","duration":0.4209209999999928,"failureMessages":[],"meta":{},"tags":[]},{"ancestorTitles":["Stripe normalizer — behavior parity across the 7 canonical fixtures"],"fullName":"Stripe normalizer — behavior parity across the 7 canonical fixtures fixture edge_cases.json — src output === Deno parity-copy output","status":"passed","title":"fixture edge_cases.json — src output === Deno parity-copy output","duration":0.30225099999998406,"failureMessages":[],"meta":{},"tags":[]},{"ancestorTitles":["Stripe normalizer — behavior parity across the 7 canonical fixtures"],"fullName":"Stripe normalizer — behavior parity across the 7 canonical fixtures handles null / undefined / non-object raw identically","status":"passed","title":"handles null / undefined / non-object raw identically","duration":0.43327099999999064,"failureMessages":[],"meta":{},"tags":[]},{"ancestorTitles":["Stripe normalizer — freshness guard (parity copy vs Deno source)"],"fullName":"Stripe normalizer — freshness guard (parity copy vs Deno source) PARITY-COPY body matches the Deno SYNC block body (line-normalized, wrapper stripped)","status":"passed","title":"PARITY-COPY body matches the Deno SYNC block body (line-normalized, wrapper stripped)","duration":2.029865000000001,"failureMessages":[],"meta":{},"tags":[]}],"startTime":1786395221908,"endTime":1786395221915.0298,"status":"passed","message":"","name":"/app/src/lib/normalizers/stripe-parity.test.js"},{"assertionResults":[{"ancestorTitles":["normalizeStripeBalanceTransactions — D1 granularidad (1 fila por balance_transaction)"],"fullName":"normalizeStripeBalanceTransactions — D1 granularidad (1 fila por balance_transaction) emite exactamente una fila por entrada en raw.data","status":"passed","title":"emite exactamente una fila por entrada en raw.data","duration":2.7555969999999945,"failureMessages":[],"meta":{},"tags":[]},{"ancestorTitles":["normalizeStripeBalanceTransactions — D1 granularidad (1 fila por balance_transaction)"],"fullName":"normalizeStripeBalanceTransactions — D1 granularidad (1 fila por balance_transaction) no agrupa, no parea (cada balance_transaction es independiente)","status":"passed","title":"no agrupa, no parea (cada balance_transaction es independiente)","duration":0.31929099999999266,"failureMessages":[],"meta":{},"tags":[]},{"ancestorTitles":["normalizeStripeBalanceTransactions — D2 type semántico whitelisted"],"fullName":"normalizeStripeBalanceTransactions — D2 type semántico whitelisted charge → type:\"charge\"","status":"passed","title":"charge → type:\"charge\"","duration":0.6672920000000033,"failureMessages":[],"meta":{},"tags":[]},{"ancestorTitles":["normalizeStripeBalanceTransactions — D2 type semántico whitelisted"],"fullName":"normalizeStripeBalanceTransactions — D2 type semántico whitelisted refund preserva signo negativo en amount (entra a GMV con signo)","status":"passed","title":"refund preserva signo negativo en amount (entra a GMV con signo)","duration":0.47056100000000356,"failureMessages":[],"meta":{},"tags":[]},{"ancestorTitles":["normalizeStripeBalanceTransactions — D2 type semántico whitelisted"],"fullName":"normalizeStripeBalanceTransactions — D2 type semántico whitelisted reporting_category gana sobre type cuando ambos están presentes","status":"passed","title":"reporting_category gana sobre type cuando ambos están presentes","duration":0.3944009999999878,"failureMessages":[],"meta":{},"tags":[]},{"ancestorTitles":["normalizeStripeBalanceTransactions — D2 type semántico whitelisted"],"fullName":"normalizeStripeBalanceTransactions — D2 type semántico whitelisted payout, transfer y stripe_fee preservan su tipo (NO entran a GMV — eso es responsabilidad del cerebro)","status":"passed","title":"payout, transfer y stripe_fee preservan su tipo (NO entran a GMV — eso es responsabilidad del cerebro)","duration":0.8701730000000225,"failureMessages":[],"meta":{},"tags":[]},{"ancestorTitles":["normalizeStripeBalanceTransactions — D2 type semántico whitelisted"],"fullName":"normalizeStripeBalanceTransactions — D2 type semántico whitelisted reporting_category desconocido → type:null (NO inventa label)","status":"passed","title":"reporting_category desconocido → type:null (NO inventa label)","duration":0.23499000000001047,"failureMessages":[],"meta":{},"tags":[]},{"ancestorTitles":["normalizeStripeBalanceTransactions — D3 disputes"],"fullName":"normalizeStripeBalanceTransactions — D3 disputes emite una fila type:\"dispute\" con amount negativo y fee de Stripe","status":"passed","title":"emite una fila type:\"dispute\" con amount negativo y fee de Stripe","duration":0.43641099999999255,"failureMessages":[],"meta":{},"tags":[]},{"ancestorTitles":["normalizeStripeBalanceTransactions — D4 multi-currency sin conversión"],"fullName":"normalizeStripeBalanceTransactions — D4 multi-currency sin conversión preserva la currency original de cada fila (uppercased)","status":"passed","title":"preserva la currency original de cada fila (uppercased)","duration":0.4992909999999995,"failureMessages":[],"meta":{},"tags":[]},{"ancestorTitles":["normalizeStripeBalanceTransactions — D4 multi-currency sin conversión"],"fullName":"normalizeStripeBalanceTransactions — D4 multi-currency sin conversión NO convierte amounts entre currencies — cada fila es independiente","status":"passed","title":"NO convierte amounts entre currencies — cada fila es independiente","duration":0.44864100000000917,"failureMessages":[],"meta":{},"tags":[]},{"ancestorTitles":["normalizeStripeBalanceTransactions — D4 multi-currency sin conversión"],"fullName":"normalizeStripeBalanceTransactions — D4 multi-currency sin conversión currency llega lowercase y se emite uppercase","status":"passed","title":"currency llega lowercase y se emite uppercase","duration":0.29732000000001335,"failureMessages":[],"meta":{},"tags":[]},{"ancestorTitles":["normalizeStripeBalanceTransactions — D4 multi-currency sin conversión"],"fullName":"normalizeStripeBalanceTransactions — D4 multi-currency sin conversión currency ausente → fallback \"EUR\"","status":"passed","title":"currency ausente → fallback \"EUR\"","duration":0.33000100000001,"failureMessages":[],"meta":{},"tags":[]},{"ancestorTitles":["normalizeStripeBalanceTransactions — D5 application_fee como tipo aparte"],"fullName":"normalizeStripeBalanceTransactions — D5 application_fee como tipo aparte application_fee NO se mezcla con processing fee — emite su propia fila","status":"passed","title":"application_fee NO se mezcla con processing fee — emite su propia fila","duration":0.4722109999999873,"failureMessages":[],"meta":{},"tags":[]},{"ancestorTitles":["normalizeStripeBalanceTransactions — D5 application_fee como tipo aparte"],"fullName":"normalizeStripeBalanceTransactions — D5 application_fee como tipo aparte application_fee_refund se colapsa a \"application_fee\" — el signo del amount indica devolución","status":"passed","title":"application_fee_refund se colapsa a \"application_fee\" — el signo del amount indica devolución","duration":0.41888099999999895,"failureMessages":[],"meta":{},"tags":[]},{"ancestorTitles":["normalizeStripeBalanceTransactions — mecánica (cents, fechas, currency)"],"fullName":"normalizeStripeBalanceTransactions — mecánica (cents, fechas, currency) amounts en cents se dividen /100 a major units","status":"passed","title":"amounts en cents se dividen /100 a major units","duration":0.6237120000000118,"failureMessages":[],"meta":{},"tags":[]},{"ancestorTitles":["normalizeStripeBalanceTransactions — mecánica (cents, fechas, currency)"],"fullName":"normalizeStripeBalanceTransactions — mecánica (cents, fechas, currency) created (Unix seconds) → ISO string en UTC","status":"passed","title":"created (Unix seconds) → ISO string en UTC","duration":0.4318410000000199,"failureMessages":[],"meta":{},"tags":[]},{"ancestorTitles":["normalizeStripeBalanceTransactions — mecánica (cents, fechas, currency)"],"fullName":"normalizeStripeBalanceTransactions — mecánica (cents, fechas, currency) created <= 0 → occurred_at:null (no inventa fecha)","status":"passed","title":"created <= 0 → occurred_at:null (no inventa fecha)","duration":0.34255099999998606,"failureMessages":[],"meta":{},"tags":[]},{"ancestorTitles":["normalizeStripeBalanceTransactions — defensividad (skip-no-id, tolera basura)"],"fullName":"normalizeStripeBalanceTransactions — defensividad (skip-no-id, tolera basura) filas sin id se descartan (skip silencioso, no error)","status":"passed","title":"filas sin id se descartan (skip silencioso, no error)","duration":0.32807099999999423,"failureMessages":[],"meta":{},"tags":[]},{"ancestorTitles":["normalizeStripeBalanceTransactions — defensividad (skip-no-id, tolera basura)"],"fullName":"normalizeStripeBalanceTransactions — defensividad (skip-no-id, tolera basura) entradas null en raw.data se ignoran (no crash)","status":"passed","title":"entradas null en raw.data se ignoran (no crash)","duration":0.30311100000000124,"failureMessages":[],"meta":{},"tags":[]},{"ancestorTitles":["normalizeStripeBalanceTransactions — defensividad (skip-no-id, tolera basura)"],"fullName":"normalizeStripeBalanceTransactions — defensividad (skip-no-id, tolera basura) raw.data ausente o no-array → []","status":"passed","title":"raw.data ausente o no-array → []","duration":0.41803099999998494,"failureMessages":[],"meta":{},"tags":[]},{"ancestorTitles":["normalizeStripeBalanceTransactions — defensividad (skip-no-id, tolera basura)"],"fullName":"normalizeStripeBalanceTransactions — defensividad (skip-no-id, tolera basura) amount/fee/net como string se parsean a number (no NaN)","status":"passed","title":"amount/fee/net como string se parsean a number (no NaN)","duration":0.32340099999998984,"failureMessages":[],"meta":{},"tags":[]},{"ancestorTitles":["normalizeStripeBalanceTransactions — defensividad (skip-no-id, tolera basura)"],"fullName":"normalizeStripeBalanceTransactions — defensividad (skip-no-id, tolera basura) campos numéricos ausentes → 0 (no NaN, no undefined)","status":"passed","title":"campos numéricos ausentes → 0 (no NaN, no undefined)","duration":0.2616910000000132,"failureMessages":[],"meta":{},"tags":[]},{"ancestorTitles":["normalizeStripeBalanceTransactions — invariantes del output schema"],"fullName":"normalizeStripeBalanceTransactions — invariantes del output schema toda fila lleva vertical:\"payments\"","status":"passed","title":"toda fila lleva vertical:\"payments\"","duration":0.28946100000001707,"failureMessages":[],"meta":{},"tags":[]},{"ancestorTitles":["normalizeStripeBalanceTransactions — invariantes del output schema"],"fullName":"normalizeStripeBalanceTransactions — invariantes del output schema campos del schema: vertical, external_id, amount, fee, net, currency, occurred_at, type","status":"passed","title":"campos del schema: vertical, external_id, amount, fee, net, currency, occurred_at, type","duration":0.37239099999999326,"failureMessages":[],"meta":{},"tags":[]}],"startTime":1786395220173,"endTime":1786395220186.3723,"status":"passed","message":"","name":"/app/src/lib/normalizers/stripe.test.js"}]}