{"numTotalTestSuites":415,"numPassedTestSuites":413,"numFailedTestSuites":2,"numPendingTestSuites":0,"numTotalTests":1621,"numPassedTests":1618,"numFailedTests":1,"numPendingTests":2,"numTodoTests":0,"snapshot":{"added":0,"failure":false,"filesAdded":0,"filesRemoved":0,"filesRemovedList":[],"filesUnmatched":0,"filesUpdated":0,"matched":0,"total":0,"unchecked":0,"uncheckedKeysByFile":[],"unmatched":0,"updated":0,"didUpdate":false},"startTime":1786304628000,"success":false,"testResults":[{"assertionResults":[{"ancestorTitles":["financial benchmark sync (scoreEngine.js is source of truth)"],"fullName":"financial benchmark sync (scoreEngine.js is source of truth) extracts non-empty benchmarks from all four files (sanity)","status":"passed","title":"extracts non-empty benchmarks from all four files (sanity)","duration":2.4678909999999803,"failureMessages":[],"meta":{},"tags":[]},{"ancestorTitles":["financial benchmark sync (scoreEngine.js is source of truth)","spendIntel vs scoreEngine (source of truth)"],"fullName":"financial benchmark sync (scoreEngine.js is source of truth) spendIntel vs scoreEngine (source of truth) payments.micro","status":"passed","title":"payments.micro","duration":0.1959500000000105,"failureMessages":[],"meta":{},"tags":[]},{"ancestorTitles":["financial benchmark sync (scoreEngine.js is source of truth)","spendIntel vs scoreEngine (source of truth)"],"fullName":"financial benchmark sync (scoreEngine.js is source of truth) spendIntel vs scoreEngine (source of truth) shipping.micro","status":"passed","title":"shipping.micro","duration":0.12071600000001581,"failureMessages":[],"meta":{},"tags":[]},{"ancestorTitles":["financial benchmark sync (scoreEngine.js is source of truth)","spendIntel vs scoreEngine (source of truth)"],"fullName":"financial benchmark sync (scoreEngine.js is source of truth) spendIntel vs scoreEngine (source of truth) saas.micro","status":"passed","title":"saas.micro","duration":0.15087700000000837,"failureMessages":[],"meta":{},"tags":[]},{"ancestorTitles":["financial benchmark sync (scoreEngine.js is source of truth)","spendIntel vs scoreEngine (source of truth)"],"fullName":"financial benchmark sync (scoreEngine.js is source of truth) spendIntel vs scoreEngine (source of truth) payments.small","status":"passed","title":"payments.small","duration":0.08069100000000162,"failureMessages":[],"meta":{},"tags":[]},{"ancestorTitles":["financial benchmark sync (scoreEngine.js is source of truth)","spendIntel vs scoreEngine (source of truth)"],"fullName":"financial benchmark sync (scoreEngine.js is source of truth) spendIntel vs scoreEngine (source of truth) shipping.small","status":"passed","title":"shipping.small","duration":0.07154900000000453,"failureMessages":[],"meta":{},"tags":[]},{"ancestorTitles":["financial benchmark sync (scoreEngine.js is source of truth)","spendIntel vs scoreEngine (source of truth)"],"fullName":"financial benchmark sync (scoreEngine.js is source of truth) spendIntel vs scoreEngine (source of truth) saas.small","status":"passed","title":"saas.small","duration":0.05669800000001146,"failureMessages":[],"meta":{},"tags":[]},{"ancestorTitles":["financial benchmark sync (scoreEngine.js is source of truth)","spendIntel vs scoreEngine (source of truth)"],"fullName":"financial benchmark sync (scoreEngine.js is source of truth) spendIntel vs scoreEngine (source of truth) payments.mid","status":"passed","title":"payments.mid","duration":0.06352800000001935,"failureMessages":[],"meta":{},"tags":[]},{"ancestorTitles":["financial benchmark sync (scoreEngine.js is source of truth)","spendIntel vs scoreEngine (source of truth)"],"fullName":"financial benchmark sync (scoreEngine.js is source of truth) spendIntel vs scoreEngine (source of truth) shipping.mid","status":"passed","title":"shipping.mid","duration":0.14128399999998464,"failureMessages":[],"meta":{},"tags":[]},{"ancestorTitles":["financial benchmark sync (scoreEngine.js is source of truth)","spendIntel vs scoreEngine (source of truth)"],"fullName":"financial benchmark sync (scoreEngine.js is source of truth) spendIntel vs scoreEngine (source of truth) saas.mid","status":"passed","title":"saas.mid","duration":0.11639999999999873,"failureMessages":[],"meta":{},"tags":[]},{"ancestorTitles":["financial benchmark sync (scoreEngine.js is source of truth)","spendIntel vs scoreEngine (source of truth)"],"fullName":"financial benchmark sync (scoreEngine.js is source of truth) spendIntel vs scoreEngine (source of truth) payments.large","status":"passed","title":"payments.large","duration":0.10303199999998469,"failureMessages":[],"meta":{},"tags":[]},{"ancestorTitles":["financial benchmark sync (scoreEngine.js is source of truth)","spendIntel vs scoreEngine (source of truth)"],"fullName":"financial benchmark sync (scoreEngine.js is source of truth) spendIntel vs scoreEngine (source of truth) shipping.large","status":"passed","title":"shipping.large","duration":0.06817399999999907,"failureMessages":[],"meta":{},"tags":[]},{"ancestorTitles":["financial benchmark sync (scoreEngine.js is source of truth)","spendIntel vs scoreEngine (source of truth)"],"fullName":"financial benchmark sync (scoreEngine.js is source of truth) spendIntel vs scoreEngine (source of truth) saas.large","status":"passed","title":"saas.large","duration":0.10320100000001275,"failureMessages":[],"meta":{},"tags":[]},{"ancestorTitles":["financial benchmark sync (scoreEngine.js is source of truth)","recEngine vs scoreEngine (source of truth)"],"fullName":"financial benchmark sync (scoreEngine.js is source of truth) recEngine vs scoreEngine (source of truth) payments.micro","status":"passed","title":"payments.micro","duration":0.16659900000001926,"failureMessages":[],"meta":{},"tags":[]},{"ancestorTitles":["financial benchmark sync (scoreEngine.js is source of truth)","recEngine vs scoreEngine (source of truth)"],"fullName":"financial benchmark sync (scoreEngine.js is source of truth) recEngine vs scoreEngine (source of truth) shipping.micro","status":"passed","title":"shipping.micro","duration":0.18218000000001666,"failureMessages":[],"meta":{},"tags":[]},{"ancestorTitles":["financial benchmark sync (scoreEngine.js is source of truth)","recEngine vs scoreEngine (source of truth)"],"fullName":"financial benchmark sync (scoreEngine.js is source of truth) recEngine vs scoreEngine (source of truth) saas.micro","status":"passed","title":"saas.micro","duration":0.0871400000000051,"failureMessages":[],"meta":{},"tags":[]},{"ancestorTitles":["financial benchmark sync (scoreEngine.js is source of truth)","recEngine vs scoreEngine (source of truth)"],"fullName":"financial benchmark sync (scoreEngine.js is source of truth) recEngine vs scoreEngine (source of truth) payments.small","status":"passed","title":"payments.small","duration":0.07213000000001557,"failureMessages":[],"meta":{},"tags":[]},{"ancestorTitles":["financial benchmark sync (scoreEngine.js is source of truth)","recEngine vs scoreEngine (source of truth)"],"fullName":"financial benchmark sync (scoreEngine.js is source of truth) recEngine vs scoreEngine (source of truth) shipping.small","status":"passed","title":"shipping.small","duration":0.17957699999999477,"failureMessages":[],"meta":{},"tags":[]},{"ancestorTitles":["financial benchmark sync (scoreEngine.js is source of truth)","recEngine vs scoreEngine (source of truth)"],"fullName":"financial benchmark sync (scoreEngine.js is source of truth) recEngine vs scoreEngine (source of truth) saas.small","status":"passed","title":"saas.small","duration":0.06988599999999678,"failureMessages":[],"meta":{},"tags":[]},{"ancestorTitles":["financial benchmark sync (scoreEngine.js is source of truth)","recEngine vs scoreEngine (source of truth)"],"fullName":"financial benchmark sync (scoreEngine.js is source of truth) recEngine vs scoreEngine (source of truth) payments.mid","status":"passed","title":"payments.mid","duration":0.12092600000002562,"failureMessages":[],"meta":{},"tags":[]},{"ancestorTitles":["financial benchmark sync (scoreEngine.js is source of truth)","recEngine vs scoreEngine (source of truth)"],"fullName":"financial benchmark sync (scoreEngine.js is source of truth) recEngine vs scoreEngine (source of truth) shipping.mid","status":"passed","title":"shipping.mid","duration":0.06251600000001645,"failureMessages":[],"meta":{},"tags":[]},{"ancestorTitles":["financial benchmark sync (scoreEngine.js is source of truth)","recEngine vs scoreEngine (source of truth)"],"fullName":"financial benchmark sync (scoreEngine.js is source of truth) recEngine vs scoreEngine (source of truth) saas.mid","status":"passed","title":"saas.mid","duration":0.04596300000000042,"failureMessages":[],"meta":{},"tags":[]},{"ancestorTitles":["financial benchmark sync (scoreEngine.js is source of truth)","recEngine vs scoreEngine (source of truth)"],"fullName":"financial benchmark sync (scoreEngine.js is source of truth) recEngine vs scoreEngine (source of truth) payments.large","status":"passed","title":"payments.large","duration":0.05182200000001558,"failureMessages":[],"meta":{},"tags":[]},{"ancestorTitles":["financial benchmark sync (scoreEngine.js is source of truth)","recEngine vs scoreEngine (source of truth)"],"fullName":"financial benchmark sync (scoreEngine.js is source of truth) recEngine vs scoreEngine (source of truth) shipping.large","status":"passed","title":"shipping.large","duration":0.05095000000000027,"failureMessages":[],"meta":{},"tags":[]},{"ancestorTitles":["financial benchmark sync (scoreEngine.js is source of truth)","recEngine vs scoreEngine (source of truth)"],"fullName":"financial benchmark sync (scoreEngine.js is source of truth) recEngine vs scoreEngine (source of truth) saas.large","status":"passed","title":"saas.large","duration":0.04158699999999271,"failureMessages":[],"meta":{},"tags":[]},{"ancestorTitles":["financial benchmark sync (scoreEngine.js is source of truth)","gbfr vs scoreEngine (source of truth)"],"fullName":"financial benchmark sync (scoreEngine.js is source of truth) gbfr vs scoreEngine (source of truth) payments.micro","status":"passed","title":"payments.micro","duration":0.08652899999998453,"failureMessages":[],"meta":{},"tags":[]},{"ancestorTitles":["financial benchmark sync (scoreEngine.js is source of truth)","gbfr vs scoreEngine (source of truth)"],"fullName":"financial benchmark sync (scoreEngine.js is source of truth) gbfr vs scoreEngine (source of truth) shipping.micro","status":"passed","title":"shipping.micro","duration":0.05613699999997834,"failureMessages":[],"meta":{},"tags":[]},{"ancestorTitles":["financial benchmark sync (scoreEngine.js is source of truth)","gbfr vs scoreEngine (source of truth)"],"fullName":"financial benchmark sync (scoreEngine.js is source of truth) gbfr vs scoreEngine (source of truth) saas.micro","status":"passed","title":"saas.micro","duration":0.03601900000001024,"failureMessages":[],"meta":{},"tags":[]},{"ancestorTitles":["financial benchmark sync (scoreEngine.js is source of truth)","gbfr vs scoreEngine (source of truth)"],"fullName":"financial benchmark sync (scoreEngine.js is source of truth) gbfr vs scoreEngine (source of truth) payments.small","status":"passed","title":"payments.small","duration":1.3588479999999947,"failureMessages":[],"meta":{},"tags":[]},{"ancestorTitles":["financial benchmark sync (scoreEngine.js is source of truth)","gbfr vs scoreEngine (source of truth)"],"fullName":"financial benchmark sync (scoreEngine.js is source of truth) gbfr vs scoreEngine (source of truth) shipping.small","status":"passed","title":"shipping.small","duration":0.10767800000002126,"failureMessages":[],"meta":{},"tags":[]},{"ancestorTitles":["financial benchmark sync (scoreEngine.js is source of truth)","gbfr vs scoreEngine (source of truth)"],"fullName":"financial benchmark sync (scoreEngine.js is source of truth) gbfr vs scoreEngine (source of truth) saas.small","status":"passed","title":"saas.small","duration":0.03502800000001116,"failureMessages":[],"meta":{},"tags":[]},{"ancestorTitles":["financial benchmark sync (scoreEngine.js is source of truth)","gbfr vs scoreEngine (source of truth)"],"fullName":"financial benchmark sync (scoreEngine.js is source of truth) gbfr vs scoreEngine (source of truth) payments.mid","status":"passed","title":"payments.mid","duration":0.03445700000000329,"failureMessages":[],"meta":{},"tags":[]},{"ancestorTitles":["financial benchmark sync (scoreEngine.js is source of truth)","gbfr vs scoreEngine (source of truth)"],"fullName":"financial benchmark sync (scoreEngine.js is source of truth) gbfr vs scoreEngine (source of truth) shipping.mid","status":"passed","title":"shipping.mid","duration":0.13393399999998223,"failureMessages":[],"meta":{},"tags":[]},{"ancestorTitles":["financial benchmark sync (scoreEngine.js is source of truth)","gbfr vs scoreEngine (source of truth)"],"fullName":"financial benchmark sync (scoreEngine.js is source of truth) gbfr vs scoreEngine (source of truth) saas.mid","status":"passed","title":"saas.mid","duration":0.06975499999998647,"failureMessages":[],"meta":{},"tags":[]},{"ancestorTitles":["financial benchmark sync (scoreEngine.js is source of truth)","gbfr vs scoreEngine (source of truth)"],"fullName":"financial benchmark sync (scoreEngine.js is source of truth) gbfr vs scoreEngine (source of truth) payments.large","status":"passed","title":"payments.large","duration":0.04231800000002295,"failureMessages":[],"meta":{},"tags":[]},{"ancestorTitles":["financial benchmark sync (scoreEngine.js is source of truth)","gbfr vs scoreEngine (source of truth)"],"fullName":"financial benchmark sync (scoreEngine.js is source of truth) gbfr vs scoreEngine (source of truth) shipping.large","status":"passed","title":"shipping.large","duration":0.03579899999999725,"failureMessages":[],"meta":{},"tags":[]},{"ancestorTitles":["financial benchmark sync (scoreEngine.js is source of truth)","gbfr vs scoreEngine (source of truth)"],"fullName":"financial benchmark sync (scoreEngine.js is source of truth) gbfr vs scoreEngine (source of truth) saas.large","status":"passed","title":"saas.large","duration":0.02603599999997641,"failureMessages":[],"meta":{},"tags":[]}],"startTime":1786304632408,"endTime":1786304632415.134,"status":"passed","message":"","name":"/app/src/lib/__benchmark_sync__.test.js"},{"assertionResults":[{"ancestorTitles":["inv_ i18n parity (invoices)"],"fullName":"inv_ i18n parity (invoices) EN defines the keys","status":"passed","title":"EN defines the keys","duration":1.185639000000009,"failureMessages":[],"meta":{},"tags":[]},{"ancestorTitles":["inv_ i18n parity (invoices)"],"fullName":"inv_ i18n parity (invoices) fr defines every EN key","status":"passed","title":"fr defines every EN key","duration":0.4783769999999947,"failureMessages":[],"meta":{},"tags":[]},{"ancestorTitles":["inv_ i18n parity (invoices)"],"fullName":"inv_ i18n parity (invoices) es defines every EN key","status":"passed","title":"es defines every EN key","duration":0.187137000000007,"failureMessages":[],"meta":{},"tags":[]},{"ancestorTitles":["inv_ i18n parity (invoices)"],"fullName":"inv_ i18n parity (invoices) fr defines no key EN lacks","status":"passed","title":"fr defines no key EN lacks","duration":0.26476400000001377,"failureMessages":[],"meta":{},"tags":[]},{"ancestorTitles":["inv_ i18n parity (invoices)"],"fullName":"inv_ i18n parity (invoices) es defines no key EN lacks","status":"passed","title":"es defines no key EN lacks","duration":0.20884699999999157,"failureMessages":[],"meta":{},"tags":[]},{"ancestorTitles":["inv_ i18n parity (invoices)"],"fullName":"inv_ i18n parity (invoices) en has no blank value","status":"passed","title":"en has no blank value","duration":0.16761999999999944,"failureMessages":[],"meta":{},"tags":[]},{"ancestorTitles":["inv_ i18n parity (invoices)"],"fullName":"inv_ i18n parity (invoices) fr has no blank value","status":"passed","title":"fr has no blank value","duration":0.13149100000001113,"failureMessages":[],"meta":{},"tags":[]},{"ancestorTitles":["inv_ i18n parity (invoices)"],"fullName":"inv_ i18n parity (invoices) es has no blank value","status":"passed","title":"es has no blank value","duration":0.1270550000000128,"failureMessages":[],"meta":{},"tags":[]},{"ancestorTitles":["acc_ i18n parity (account)"],"fullName":"acc_ i18n parity (account) EN defines the keys","status":"passed","title":"EN defines the keys","duration":0.2240380000000073,"failureMessages":[],"meta":{},"tags":[]},{"ancestorTitles":["acc_ i18n parity (account)"],"fullName":"acc_ i18n parity (account) fr defines every EN key","status":"passed","title":"fr defines every EN key","duration":0.20335000000000036,"failureMessages":[],"meta":{},"tags":[]},{"ancestorTitles":["acc_ i18n parity (account)"],"fullName":"acc_ i18n parity (account) es defines every EN key","status":"passed","title":"es defines every EN key","duration":0.20135700000000156,"failureMessages":[],"meta":{},"tags":[]},{"ancestorTitles":["acc_ i18n parity (account)"],"fullName":"acc_ i18n parity (account) fr defines no key EN lacks","status":"passed","title":"fr defines no key EN lacks","duration":0.10857900000002019,"failureMessages":[],"meta":{},"tags":[]},{"ancestorTitles":["acc_ i18n parity (account)"],"fullName":"acc_ i18n parity (account) es defines no key EN lacks","status":"passed","title":"es defines no key EN lacks","duration":0.09454999999999814,"failureMessages":[],"meta":{},"tags":[]},{"ancestorTitles":["acc_ i18n parity (account)"],"fullName":"acc_ i18n parity (account) en has no blank value","status":"passed","title":"en has no blank value","duration":0.1831720000000132,"failureMessages":[],"meta":{},"tags":[]},{"ancestorTitles":["acc_ i18n parity (account)"],"fullName":"acc_ i18n parity (account) fr has no blank value","status":"passed","title":"fr has no blank value","duration":0.18473399999999174,"failureMessages":[],"meta":{},"tags":[]},{"ancestorTitles":["acc_ i18n parity (account)"],"fullName":"acc_ i18n parity (account) es has no blank value","status":"passed","title":"es has no blank value","duration":0.09740400000001159,"failureMessages":[],"meta":{},"tags":[]},{"ancestorTitles":["invoice status labels"],"fullName":"invoice status labels every stored status has a label in all three languages","status":"passed","title":"every stored status has a label in all three languages","duration":0.11905400000000554,"failureMessages":[],"meta":{},"tags":[]},{"ancestorTitles":["invoice status labels"],"fullName":"invoice status labels maps the stored value, never prints it raw","status":"passed","title":"maps the stored value, never prints it raw","duration":0.19333600000001638,"failureMessages":[],"meta":{},"tags":[]},{"ancestorTitles":["invoice status labels"],"fullName":"invoice status labels falls back to the de-underscored raw value for an unknown status","status":"passed","title":"falls back to the de-underscored raw value for an unknown status","duration":0.05631800000000453,"failureMessages":[],"meta":{},"tags":[]},{"ancestorTitles":["invoice status labels"],"fullName":"invoice status labels returns empty for an absent status","status":"passed","title":"returns empty for an absent status","duration":0.11515799999997967,"failureMessages":[],"meta":{},"tags":[]},{"ancestorTitles":["invoice status labels"],"fullName":"invoice status labels the list still mirrors the stored enum values","status":"passed","title":"the list still mirrors the stored enum values","duration":0.4785169999999823,"failureMessages":[],"meta":{},"tags":[]},{"ancestorTitles":["shared date helpers — one implementation, localized"],"fullName":"shared date helpers — one implementation, localized the numeric table date differs per language","status":"passed","title":"the numeric table date differs per language","duration":9.155631999999997,"failureMessages":[],"meta":{},"tags":[]},{"ancestorTitles":["shared date helpers — one implementation, localized"],"fullName":"shared date helpers — one implementation, localized an invalid or absent date yields empty, never 'Invalid Date'","status":"passed","title":"an invalid or absent date yields empty, never 'Invalid Date'","duration":0.12268899999997984,"failureMessages":[],"meta":{},"tags":[]},{"ancestorTitles":["shared date helpers — one implementation, localized"],"fullName":"shared date helpers — one implementation, localized an unknown language falls back to EN instead of throwing","status":"passed","title":"an unknown language falls back to EN instead of throwing","duration":0.6431340000000034,"failureMessages":[],"meta":{},"tags":[]},{"ancestorTitles":["shared date helpers — one implementation, localized"],"fullName":"shared date helpers — one implementation, localized the long/short variants are localized too","status":"passed","title":"the long/short variants are localized too","duration":0.7329979999999807,"failureMessages":[],"meta":{},"tags":[]},{"ancestorTitles":["shared date helpers — one implementation, localized"],"fullName":"shared date helpers — one implementation, localized reportsLabels re-exports the shared helpers rather than duplicating them","status":"passed","title":"reportsLabels re-exports the shared helpers rather than duplicating them","duration":0.5306290000000047,"failureMessages":[],"meta":{},"tags":[]},{"ancestorTitles":["account fields — labels translated, stored names untouched"],"fullName":"account fields — labels translated, stored names untouched every field label key resolves in all three languages","status":"passed","title":"every field label key resolves in all three languages","duration":0.2458780000000047,"failureMessages":[],"meta":{},"tags":[]},{"ancestorTitles":["account fields — labels translated, stored names untouched"],"fullName":"account fields — labels translated, stored names untouched the STORED field names are the original entity properties","status":"passed","title":"the STORED field names are the original entity properties","duration":0.1327020000000232,"failureMessages":[],"meta":{},"tags":[]},{"ancestorTitles":["account fields — labels translated, stored names untouched"],"fullName":"account fields — labels translated, stored names untouched numeric placeholders stay raw, prose placeholders translate","status":"passed","title":"numeric placeholders stay raw, prose placeholders translate","duration":0.09961700000002338,"failureMessages":[],"meta":{},"tags":[]},{"ancestorTitles":["surface — no hardcoded English left"],"fullName":"surface — no hardcoded English left src/pages/Invoices.jsx goes through useTranslation","status":"passed","title":"src/pages/Invoices.jsx goes through useTranslation","duration":0.7116269999999929,"failureMessages":[],"meta":{},"tags":[]},{"ancestorTitles":["surface — no hardcoded English left"],"fullName":"surface — no hardcoded English left src/pages/Account.jsx goes through useTranslation","status":"passed","title":"src/pages/Account.jsx goes through useTranslation","duration":0.9944370000000049,"failureMessages":[],"meta":{},"tags":[]},{"ancestorTitles":["surface — no hardcoded English left"],"fullName":"surface — no hardcoded English left src/components/account/AccountFieldSection.jsx goes through useTranslation","status":"passed","title":"src/components/account/AccountFieldSection.jsx goes through useTranslation","duration":1.5240240000000256,"failureMessages":[],"meta":{},"tags":[]},{"ancestorTitles":["surface — no hardcoded English left"],"fullName":"surface — no hardcoded English left /Invoices renders no English literal and no raw status","status":"passed","title":"/Invoices renders no English literal and no raw status","duration":0.5233489999999961,"failureMessages":[],"meta":{},"tags":[]},{"ancestorTitles":["surface — no hardcoded English left"],"fullName":"surface — no hardcoded English left /Account renders no English literal, toast included","status":"passed","title":"/Account renders no English literal, toast included","duration":0.622856000000013,"failureMessages":[],"meta":{},"tags":[]},{"ancestorTitles":["logic untouched by the presentation fix"],"fullName":"logic untouched by the presentation fix /Invoices still reads through the server-side tenant scope","status":"passed","title":"/Invoices still reads through the server-side tenant scope","duration":0.6328100000000063,"failureMessages":[],"meta":{},"tags":[]},{"ancestorTitles":["logic untouched by the presentation fix"],"fullName":"logic untouched by the presentation fix /Account keeps its ownership-scoped queries and update calls","status":"passed","title":"/Account keeps its ownership-scoped queries and update calls","duration":0.39452200000002335,"failureMessages":[],"meta":{},"tags":[]},{"ancestorTitles":["logic untouched by the presentation fix"],"fullName":"logic untouched by the presentation fix the field inputs still save on blur","status":"passed","title":"the field inputs still save on blur","duration":0.551068000000015,"failureMessages":[],"meta":{},"tags":[]}],"startTime":1786304629957,"endTime":1786304629980.551,"status":"passed","message":"","name":"/app/src/lib/accountBillingLocalization.test.js"},{"assertionResults":[{"ancestorTitles":["Admin cockpit read-failure visibility"],"fullName":"Admin cockpit read-failure visibility records degraded sources instead of converting read outages to healthy zeroes","status":"passed","title":"records degraded sources instead of converting read outages to healthy zeroes","duration":1.4088859999999954,"failureMessages":[],"meta":{},"tags":[]},{"ancestorTitles":["Admin cockpit read-failure visibility"],"fullName":"Admin cockpit read-failure visibility surfaces degraded data coverage in the founder command center","status":"passed","title":"surfaces degraded data coverage in the founder command center","duration":0.32299299999999675,"failureMessages":[],"meta":{},"tags":[]}],"startTime":1786304636122,"endTime":1786304636124.323,"status":"passed","message":"","name":"/app/src/lib/adminCockpitFailVisible.test.js"},{"assertionResults":[{"ancestorTitles":["isCalendarDate"],"fullName":"isCalendarDate accepts real dates, including leap days","status":"passed","title":"accepts real dates, including leap days","duration":1.4953550000000178,"failureMessages":[],"meta":{},"tags":[]},{"ancestorTitles":["isCalendarDate"],"fullName":"isCalendarDate rejects shapes a regex would accept","status":"passed","title":"rejects shapes a regex would accept","duration":0.26242999999999483,"failureMessages":[],"meta":{},"tags":[]},{"ancestorTitles":["isCalendarDate"],"fullName":"isCalendarDate rejects malformed or non-string values","status":"passed","title":"rejects malformed or non-string values","duration":0.18581500000001938,"failureMessages":[],"meta":{},"tags":[]},{"ancestorTitles":["product policy effectiveDate"],"fullName":"product policy effectiveDate the shipped policy carries a real calendar date","status":"passed","title":"the shipped policy carries a real calendar date","duration":1.5455340000000035,"failureMessages":[],"meta":{},"tags":[]},{"ancestorTitles":["product policy effectiveDate"],"fullName":"product policy effectiveDate a non-existent date is rejected by the schema, not just the regex","status":"passed","title":"a non-existent date is rejected by the schema, not just the regex","duration":0.5127949999999828,"failureMessages":[],"meta":{},"tags":[]}],"startTime":1786304634027,"endTime":1786304634030.5457,"status":"passed","message":"","name":"/app/src/lib/calendarDate.test.js"},{"assertionResults":[{"ancestorTitles":["commercial autonomy deterministic authority"],"fullName":"commercial autonomy deterministic authority requires a real active founder-approved policy","status":"passed","title":"requires a real active founder-approved policy","duration":1.1898249999999848,"failureMessages":[],"meta":{},"tags":[]},{"ancestorTitles":["commercial autonomy deterministic authority"],"fullName":"commercial autonomy deterministic authority allows only allowlisted routine classifications/actions","status":"passed","title":"allows only allowlisted routine classifications/actions","duration":0.2955570000000023,"failureMessages":[],"meta":{},"tags":[]},{"ancestorTitles":["commercial autonomy deterministic authority"],"fullName":"commercial autonomy deterministic authority hard-stops opt-out, complaint, legal and security language deterministically","status":"passed","title":"hard-stops opt-out, complaint, legal and security language deterministically","duration":0.7035459999999887,"failureMessages":[],"meta":{},"tags":[]},{"ancestorTitles":["commercial autonomy deterministic authority"],"fullName":"commercial autonomy deterministic authority treats lock-in, minimums, contract terms and termination terms as material","status":"passed","title":"treats lock-in, minimums, contract terms and termination terms as material","duration":0.19554899999999975,"failureMessages":[],"meta":{},"tags":[]},{"ancestorTitles":["commercial autonomy static boundaries"],"fullName":"commercial autonomy static boundaries never fabricates calendar slots","status":"passed","title":"never fabricates calendar slots","duration":0.5179309999999759,"failureMessages":[],"meta":{},"tags":[]},{"ancestorTitles":["commercial autonomy static boundaries"],"fullName":"commercial autonomy static boundaries inbound Resend verifies webhook signature before processing","status":"passed","title":"inbound Resend verifies webhook signature before processing","duration":0.3432420000000036,"failureMessages":[],"meta":{},"tags":[]},{"ancestorTitles":["commercial autonomy static boundaries"],"fullName":"commercial autonomy static boundaries autonomous sender requires internal proof unless explicit admin override","status":"passed","title":"autonomous sender requires internal proof unless explicit admin override","duration":0.29124000000001615,"failureMessages":[],"meta":{},"tags":[]},{"ancestorTitles":["commercial autonomy static boundaries"],"fullName":"commercial autonomy static boundaries provider negotiation cannot auto-accept a final/material offer","status":"passed","title":"provider negotiation cannot auto-accept a final/material offer","duration":0.35477699999998435,"failureMessages":[],"meta":{},"tags":[]},{"ancestorTitles":["commercial autonomy static boundaries"],"fullName":"commercial autonomy static boundaries final approval revalidates offer, Recover and mandate","status":"passed","title":"final approval revalidates offer, Recover and mandate","duration":0.42896900000002347,"failureMessages":[],"meta":{},"tags":[]},{"ancestorTitles":["commercial autonomy static boundaries"],"fullName":"commercial autonomy static boundaries contract mismatch is deterministic and cannot execute the contract","status":"passed","title":"contract mismatch is deterministic and cannot execute the contract","duration":0.3942120000000102,"failureMessages":[],"meta":{},"tags":[]},{"ancestorTitles":["commercial autonomy static boundaries"],"fullName":"commercial autonomy static boundaries hourly acquisition remains fail-closed without active policy","status":"passed","title":"hourly acquisition remains fail-closed without active policy","duration":0.5087790000000041,"failureMessages":[],"meta":{},"tags":[]},{"ancestorTitles":["commercial autonomy static boundaries"],"fullName":"commercial autonomy static boundaries CRM sync does not pretend a lead was contacted","status":"passed","title":"CRM sync does not pretend a lead was contacted","duration":0.2960470000000157,"failureMessages":[],"meta":{},"tags":[]},{"ancestorTitles":["commercial autonomy static boundaries"],"fullName":"commercial autonomy static boundaries commercial email has CAMBRA-owned idempotency and Outlook-first transport","status":"passed","title":"commercial email has CAMBRA-owned idempotency and Outlook-first transport","duration":0.5006579999999872,"failureMessages":[],"meta":{},"tags":[]},{"ancestorTitles":["commercial autonomy static boundaries"],"fullName":"commercial autonomy static boundaries Outlook inbound is event-driven and routes only real mail","status":"passed","title":"Outlook inbound is event-driven and routes only real mail","duration":0.5231990000000053,"failureMessages":[],"meta":{},"tags":[]},{"ancestorTitles":["commercial autonomy static boundaries"],"fullName":"commercial autonomy static boundaries meeting coordinator uses real Outlook calendar and invites the lead","status":"passed","title":"meeting coordinator uses real Outlook calendar and invites the lead","duration":0.4919359999999813,"failureMessages":[],"meta":{},"tags":[]}],"startTime":1786304631721,"endTime":1786304631728.5232,"status":"passed","message":"","name":"/app/src/lib/commercialAutonomySeal.test.js"},{"assertionResults":[{"ancestorTitles":["CAMBRA communication hard timing"],"fullName":"CAMBRA communication hard timing 10:00 inbound cannot send before 10:25","status":"passed","title":"10:00 inbound cannot send before 10:25","duration":10.655884000000015,"failureMessages":[],"meta":{},"tags":[]},{"ancestorTitles":["CAMBRA communication hard timing"],"fullName":"CAMBRA communication hard timing 18:50 Paris inbound rolls after 19:00 to next business window","status":"passed","title":"18:50 Paris inbound rolls after 19:00 to next business window","duration":0.6057729999999992,"failureMessages":[],"meta":{},"tags":[]},{"ancestorTitles":["CAMBRA communication hard timing"],"fullName":"CAMBRA communication hard timing never considers before 08 or at/after 19 business time","status":"passed","title":"never considers before 08 or at/after 19 business time","duration":0.39752599999999916,"failureMessages":[],"meta":{},"tags":[]},{"ancestorTitles":["CAMBRA communication hard timing"],"fullName":"CAMBRA communication hard timing quality gate rejects canonical LLM tics","status":"passed","title":"quality gate rejects canonical LLM tics","duration":0.5746690000000001,"failureMessages":[],"meta":{},"tags":[]},{"ancestorTitles":["hardening static enforcement"],"fullName":"hardening static enforcement LLM cannot bypass delay and manual override is explicit admin path","status":"passed","title":"LLM cannot bypass delay and manual override is explicit admin path","duration":0.49807400000000257,"failureMessages":[],"meta":{},"tags":[]},{"ancestorTitles":["hardening static enforcement"],"fullName":"hardening static enforcement duplicate inbound and duplicate worker sends are deduped","status":"passed","title":"duplicate inbound and duplicate worker sends are deduped","duration":0.4258249999999748,"failureMessages":[],"meta":{},"tags":[]},{"ancestorTitles":["hardening static enforcement"],"fullName":"hardening static enforcement suppression is rechecked at send time","status":"passed","title":"suppression is rechecked at send time","duration":0.2695710000000133,"failureMessages":[],"meta":{},"tags":[]},{"ancestorTitles":["hardening static enforcement"],"fullName":"hardening static enforcement meeting uses real calendar and failure never invents slot","status":"passed","title":"meeting uses real calendar and failure never invents slot","duration":0.3029669999999953,"failureMessages":[],"meta":{},"tags":[]},{"ancestorTitles":["hardening static enforcement"],"fullName":"hardening static enforcement CRM sync does not mark contacted","status":"passed","title":"CRM sync does not mark contacted","duration":0.374494999999996,"failureMessages":[],"meta":{},"tags":[]},{"ancestorTitles":["hardening static enforcement"],"fullName":"hardening static enforcement L4 provider terms and contract mismatch block","status":"passed","title":"L4 provider terms and contract mismatch block","duration":0.5305690000000141,"failureMessages":[],"meta":{},"tags":[]},{"ancestorTitles":["hardening static enforcement"],"fullName":"hardening static enforcement style failure regenerates/escalates and thread context is supplied","status":"passed","title":"style failure regenerates/escalates and thread context is supplied","duration":0.39458199999998556,"failureMessages":[],"meta":{},"tags":[]},{"ancestorTitles":["hardening static enforcement"],"fullName":"hardening static enforcement inbound email remains data, not authority","status":"passed","title":"inbound email remains data, not authority","duration":0.5281559999999956,"failureMessages":[],"meta":{},"tags":[]}],"startTime":1786304630422,"endTime":1786304630437.528,"status":"passed","message":"","name":"/app/src/lib/commercialCommunicationHardening.test.js"},{"assertionResults":[{"ancestorTitles":["ConfidenceResult — exact enums"],"fullName":"ConfidenceResult — exact enums declares the authoritative enum values","status":"passed","title":"declares the authoritative enum values","duration":1.5756550000000118,"failureMessages":[],"meta":{},"tags":[]},{"ancestorTitles":["ConfidenceResult — exact enums"],"fullName":"ConfidenceResult — exact enums has no score field anywhere in the contract","status":"passed","title":"has no score field anywhere in the contract","duration":0.9884779999999864,"failureMessages":[],"meta":{},"tags":[]},{"ancestorTitles":["ConfidenceResult — exact enums"],"fullName":"ConfidenceResult — exact enums rejects out-of-enum values instead of coercing them","status":"passed","title":"rejects out-of-enum values instead of coercing them","duration":0.3603960000000086,"failureMessages":[],"meta":{},"tags":[]},{"ancestorTitles":["ConfidenceResult — freezeEligibility is always derived"],"fullName":"ConfidenceResult — freezeEligibility is always derived refuses a caller-supplied freezeEligibility in the assessment","status":"passed","title":"refuses a caller-supplied freezeEligibility in the assessment","duration":0.3753460000000075,"failureMessages":[],"meta":{},"tags":[]},{"ancestorTitles":["ConfidenceResult — freezeEligibility is always derived"],"fullName":"ConfidenceResult — freezeEligibility is always derived refuses a caller-supplied freezeEligibility at finalization","status":"passed","title":"refuses a caller-supplied freezeEligibility at finalization","duration":0.19264499999999884,"failureMessages":[],"meta":{},"tags":[]},{"ancestorTitles":["ConfidenceResult — freezeEligibility is always derived"],"fullName":"ConfidenceResult — freezeEligibility is always derived derives it from the policy, not from the input","status":"passed","title":"derives it from the policy, not from the input","duration":0.26860999999999535,"failureMessages":[],"meta":{},"tags":[]},{"ancestorTitles":["ConfidenceResult — exact result shape"],"fullName":"ConfidenceResult — exact result shape carries exactly the contract fields","status":"passed","title":"carries exactly the contract fields","duration":0.2692000000000121,"failureMessages":[],"meta":{},"tags":[]},{"ancestorTitles":["ConfidenceResult — exact result shape"],"fullName":"ConfidenceResult — exact result shape normalizes failedRules to { id, detail }","status":"passed","title":"normalizes failedRules to { id, detail }","duration":0.29764900000000694,"failureMessages":[],"meta":{},"tags":[]},{"ancestorTitles":["ConfidenceResult — exact result shape"],"fullName":"ConfidenceResult — exact result shape carries an explanation with reason and actionsToImprove","status":"passed","title":"carries an explanation with reason and actionsToImprove","duration":0.23385099999998715,"failureMessages":[],"meta":{},"tags":[]},{"ancestorTitles":["ConfidenceResult — deep immutability"],"fullName":"ConfidenceResult — deep immutability blocks deep mutation, not just top-level assignment","status":"passed","title":"blocks deep mutation, not just top-level assignment","duration":0.5178319999999985,"failureMessages":[],"meta":{},"tags":[]},{"ancestorTitles":["ConfidenceResult — deep immutability"],"fullName":"ConfidenceResult — deep immutability deepFreeze survives cycles","status":"passed","title":"deepFreeze survives cycles","duration":0.1659879999999987,"failureMessages":[],"meta":{},"tags":[]},{"ancestorTitles":["stableSerialize / hashConfidenceResult — determinism"],"fullName":"stableSerialize / hashConfidenceResult — determinism is insensitive to key order","status":"passed","title":"is insensitive to key order","duration":0.17061499999999796,"failureMessages":[],"meta":{},"tags":[]},{"ancestorTitles":["stableSerialize / hashConfidenceResult — determinism"],"fullName":"stableSerialize / hashConfidenceResult — determinism preserves array order (order is semantic here)","status":"passed","title":"preserves array order (order is semantic here)","duration":0.09295800000001009,"failureMessages":[],"meta":{},"tags":[]},{"ancestorTitles":["stableSerialize / hashConfidenceResult — determinism"],"fullName":"stableSerialize / hashConfidenceResult — determinism normalizes equivalent instants to one representation","status":"passed","title":"normalizes equivalent instants to one representation","duration":0.6481899999999996,"failureMessages":[],"meta":{},"tags":[]},{"ancestorTitles":["stableSerialize / hashConfidenceResult — determinism"],"fullName":"stableSerialize / hashConfidenceResult — determinism does not widen a plain calendar date into a datetime","status":"passed","title":"does not widen a plain calendar date into a datetime","duration":0.1865060000000085,"failureMessages":[],"meta":{},"tags":[]},{"ancestorTitles":["stableSerialize / hashConfidenceResult — determinism"],"fullName":"stableSerialize / hashConfidenceResult — determinism hashes the same result identically and a changed result differently","status":"passed","title":"hashes the same result identically and a changed result differently","duration":28.223956999999984,"failureMessages":[],"meta":{},"tags":[]},{"ancestorTitles":["stableSerialize / hashConfidenceResult — determinism"],"fullName":"stableSerialize / hashConfidenceResult — determinism computes SHA-256 correctly against known vectors","status":"passed","title":"computes SHA-256 correctly against known vectors","duration":0.47021599999999353,"failureMessages":[],"meta":{},"tags":[]}],"startTime":1786304631502,"endTime":1786304631537.4702,"status":"passed","message":"","name":"/app/src/lib/confidenceResult.test.js"},{"assertionResults":[{"ancestorTitles":["buildContractEconomicView"],"fullName":"buildContractEconomicView produces the economic view from a resolved mandate","status":"passed","title":"produces the economic view from a resolved mandate","duration":1.5689769999999896,"failureMessages":[],"meta":{},"tags":[]},{"ancestorTitles":["buildContractEconomicView"],"fullName":"buildContractEconomicView preserves a contractual fee of 0 (no fallback to 25)","status":"passed","title":"preserves a contractual fee of 0 (no fallback to 25)","duration":0.22838399999997705,"failureMessages":[],"meta":{},"tags":[]},{"ancestorTitles":["buildContractEconomicView"],"fullName":"buildContractEconomicView preserves a standard fee of 0 (no || fallback)","status":"passed","title":"preserves a standard fee of 0 (no || fallback)","duration":0.13864000000000942,"failureMessages":[],"meta":{},"tags":[]},{"ancestorTitles":["buildContractEconomicView"],"fullName":"buildContractEconomicView computes the discount as standard - effective","status":"passed","title":"computes the discount as standard - effective","duration":0.1620619999999917,"failureMessages":[],"meta":{},"tags":[]},{"ancestorTitles":["buildContractEconomicView"],"fullName":"buildContractEconomicView returns resolvable=false for an unresolvable contract","status":"passed","title":"returns resolvable=false for an unresolvable contract","duration":0.19321499999998082,"failureMessages":[],"meta":{},"tags":[]},{"ancestorTitles":["resolveContractPolicy — resolvable flag (v60.2)"],"fullName":"resolveContractPolicy — resolvable flag (v60.2) returns resolvable=true for a policy-enriched mandate snapshot","status":"passed","title":"returns resolvable=true for a policy-enriched mandate snapshot","duration":0.12017500000001746,"failureMessages":[],"meta":{},"tags":[]},{"ancestorTitles":["resolveContractPolicy — resolvable flag (v60.2)"],"fullName":"resolveContractPolicy — resolvable flag (v60.2) returns resolvable=true for a BillingRule","status":"passed","title":"returns resolvable=true for a BillingRule","duration":0.07970899999997982,"failureMessages":[],"meta":{},"tags":[]},{"ancestorTitles":["resolveContractPolicy — resolvable flag (v60.2)"],"fullName":"resolveContractPolicy — resolvable flag (v60.2) returns resolvable=true for a report with effective_fee_pct","status":"passed","title":"returns resolvable=true for a report with effective_fee_pct","duration":0.07821799999999257,"failureMessages":[],"meta":{},"tags":[]},{"ancestorTitles":["resolveContractPolicy — resolvable flag (v60.2)"],"fullName":"resolveContractPolicy — resolvable flag (v60.2) returns resolvable=false when no fee can be found","status":"passed","title":"returns resolvable=false when no fee can be found","duration":0.15192899999999554,"failureMessages":[],"meta":{},"tags":[]},{"ancestorTitles":["resolveContractPolicy — resolvable flag (v60.2)"],"fullName":"resolveContractPolicy — resolvable flag (v60.2) falls through to BillingRule when a policy-enriched snapshot has no fee_pct","status":"passed","title":"falls through to BillingRule when a policy-enriched snapshot has no fee_pct","duration":0.1776739999999961,"failureMessages":[],"meta":{},"tags":[]},{"ancestorTitles":["resolveContractPolicy — resolvable flag (v60.2)"],"fullName":"resolveContractPolicy — resolvable flag (v60.2) preserves merchant_share_pct of 0 (no || 75 fallback)","status":"passed","title":"preserves merchant_share_pct of 0 (no || 75 fallback)","duration":0.18014800000000264,"failureMessages":[],"meta":{},"tags":[]},{"ancestorTitles":["resolveContractPolicy — resolvable flag (v60.2)"],"fullName":"resolveContractPolicy — resolvable flag (v60.2) preserves fee_duration_months of 0 (no || 24 fallback)","status":"passed","title":"preserves fee_duration_months of 0 (no || 24 fallback)","duration":0.10071800000000053,"failureMessages":[],"meta":{},"tags":[]},{"ancestorTitles":["fee 0 preservation — no silent fallback to 25"],"fullName":"fee 0 preservation — no silent fallback to 25 a contractual fee of 0 is preserved through the resolver","status":"passed","title":"a contractual fee of 0 is preserved through the resolver","duration":0.13375400000001036,"failureMessages":[],"meta":{},"tags":[]},{"ancestorTitles":["fee 0 preservation — no silent fallback to 25"],"fullName":"fee 0 preservation — no silent fallback to 25 a contractual fee of 0 is preserved through the economic view","status":"passed","title":"a contractual fee of 0 is preserved through the economic view","duration":0.19404600000001437,"failureMessages":[],"meta":{},"tags":[]},{"ancestorTitles":["fee 0 preservation — no silent fallback to 25"],"fullName":"fee 0 preservation — no silent fallback to 25 a standard_fee_pct of 0 is preserved in the economic view (no || getSuccessFeePct)","status":"passed","title":"a standard_fee_pct of 0 is preserved in the economic view (no || getSuccessFeePct)","duration":0.17393899999999007,"failureMessages":[],"meta":{},"tags":[]},{"ancestorTitles":["policy A → B immutability across all surfaces"],"fullName":"policy A → B immutability across all surfaces contract A stays A after policy B (resolver + economic view)","status":"passed","title":"contract A stays A after policy B (resolver + economic view)","duration":4.434483999999998,"failureMessages":[],"meta":{},"tags":[]},{"ancestorTitles":["policy A → B immutability across all surfaces"],"fullName":"policy A → B immutability across all surfaces a second MonthlySavingsReport under A uses A terms (simulated)","status":"passed","title":"a second MonthlySavingsReport under A uses A terms (simulated)","duration":0.3398070000000075,"failureMessages":[],"meta":{},"tags":[]},{"ancestorTitles":["policy A → B immutability across all surfaces"],"fullName":"policy A → B immutability across all surfaces BillingRule A conserves A terms","status":"passed","title":"BillingRule A conserves A terms","duration":0.10710699999998496,"failureMessages":[],"meta":{},"tags":[]},{"ancestorTitles":["override in economic view"],"fullName":"override in economic view override is visible in the economic view","status":"passed","title":"override is visible in the economic view","duration":0.26501400000000785,"failureMessages":[],"meta":{},"tags":[]},{"ancestorTitles":["tenant isolation — resolveOwnedActivation"],"fullName":"tenant isolation — resolveOwnedActivation User A can resolve their own activation","status":"passed","title":"User A can resolve their own activation","duration":0.3735230000000058,"failureMessages":[],"meta":{},"tags":[]},{"ancestorTitles":["tenant isolation — resolveOwnedActivation"],"fullName":"tenant isolation — resolveOwnedActivation User A cannot resolve User B's activation (different email, different brand)","status":"passed","title":"User A cannot resolve User B's activation (different email, different brand)","duration":0.13791000000000508,"failureMessages":[],"meta":{},"tags":[]},{"ancestorTitles":["tenant isolation — resolveOwnedActivation"],"fullName":"tenant isolation — resolveOwnedActivation admin can resolve any activation","status":"passed","title":"admin can resolve any activation","duration":0.21141000000000076,"failureMessages":[],"meta":{},"tags":[]},{"ancestorTitles":["tenant isolation — resolveOwnedActivation"],"fullName":"tenant isolation — resolveOwnedActivation a user without a brand cannot resolve an activation","status":"passed","title":"a user without a brand cannot resolve an activation","duration":0.10464400000000751,"failureMessages":[],"meta":{},"tags":[]},{"ancestorTitles":["tenant isolation — resolveOwnedActivation"],"fullName":"tenant isolation — resolveOwnedActivation returns 404 for a non-existent activation","status":"passed","title":"returns 404 for a non-existent activation","duration":0.19716099999999415,"failureMessages":[],"meta":{},"tags":[]},{"ancestorTitles":["coherence validation — mismatched entities"],"fullName":"coherence validation — mismatched entities detects a mandate and report from different brands","status":"passed","title":"detects a mandate and report from different brands","duration":0.09448000000000434,"failureMessages":[],"meta":{},"tags":[]},{"ancestorTitles":["coherence validation — mismatched entities"],"fullName":"coherence validation — mismatched entities detects a snapshot hash that does not match the mandate","status":"passed","title":"detects a snapshot hash that does not match the mandate","duration":1.3002869999999973,"failureMessages":[],"meta":{},"tags":[]},{"ancestorTitles":["coherence validation — mismatched entities"],"fullName":"coherence validation — mismatched entities detects a policy_version mismatch between report and snapshot","status":"passed","title":"detects a policy_version mismatch between report and snapshot","duration":0.1934660000000008,"failureMessages":[],"meta":{},"tags":[]},{"ancestorTitles":["coherence validation — mismatched entities"],"fullName":"coherence validation — mismatched entities detects a currency inconsistency","status":"passed","title":"detects a currency inconsistency","duration":0.12556200000000217,"failureMessages":[],"meta":{},"tags":[]},{"ancestorTitles":["legacy resolution"],"fullName":"legacy resolution legacy with fee_pct in snapshot resolves","status":"passed","title":"legacy with fee_pct in snapshot resolves","duration":0.13070999999999344,"failureMessages":[],"meta":{},"tags":[]},{"ancestorTitles":["legacy resolution"],"fullName":"legacy resolution legacy with BillingRule resolves","status":"passed","title":"legacy with BillingRule resolves","duration":0.06794299999998543,"failureMessages":[],"meta":{},"tags":[]},{"ancestorTitles":["legacy resolution"],"fullName":"legacy resolution legacy with report effective_fee_pct resolves","status":"passed","title":"legacy with report effective_fee_pct resolves","duration":0.09313799999998196,"failureMessages":[],"meta":{},"tags":[]},{"ancestorTitles":["legacy resolution"],"fullName":"legacy resolution legacy ambiguous (no fee anywhere) is unresolvable and blocks","status":"passed","title":"legacy ambiguous (no fee anywhere) is unresolvable and blocks","duration":0.07048700000001418,"failureMessages":[],"meta":{},"tags":[]},{"ancestorTitles":["legacy resolution"],"fullName":"legacy resolution legacy does not invent a policyVersion","status":"passed","title":"legacy does not invent a policyVersion","duration":0.07645500000000993,"failureMessages":[],"meta":{},"tags":[]},{"ancestorTitles":["rejectClientTerms — manipulated payload"],"fullName":"rejectClientTerms — manipulated payload rejects a manipulated fee","status":"passed","title":"rejects a manipulated fee","duration":0.12736599999999498,"failureMessages":[],"meta":{},"tags":[]},{"ancestorTitles":["rejectClientTerms — manipulated payload"],"fullName":"rejectClientTerms — manipulated payload rejects a manipulated policyVersion","status":"passed","title":"rejects a manipulated policyVersion","duration":0.09517099999999346,"failureMessages":[],"meta":{},"tags":[]},{"ancestorTitles":["rejectClientTerms — manipulated payload"],"fullName":"rejectClientTerms — manipulated payload rejects a manipulated snapshotHash","status":"passed","title":"rejects a manipulated snapshotHash","duration":0.06983600000000934,"failureMessages":[],"meta":{},"tags":[]},{"ancestorTitles":["rejectClientTerms — manipulated payload"],"fullName":"rejectClientTerms — manipulated payload rejects a manipulated duration","status":"passed","title":"rejects a manipulated duration","duration":0.0668720000000178,"failureMessages":[],"meta":{},"tags":[]},{"ancestorTitles":["rejectClientTerms — manipulated payload"],"fullName":"rejectClientTerms — manipulated payload accepts a clean payload with only allowed keys","status":"passed","title":"accepts a clean payload with only allowed keys","duration":0.05427500000001828,"failureMessages":[],"meta":{},"tags":[]},{"ancestorTitles":["idempotency — same inputs produce same hash"],"fullName":"idempotency — same inputs produce same hash retry produces the same snapshot hash","status":"passed","title":"retry produces the same snapshot hash","duration":3.0299029999999902,"failureMessages":[],"meta":{},"tags":[]},{"ancestorTitles":["idempotency — same inputs produce same hash"],"fullName":"idempotency — same inputs produce same hash different policy produces different hash","status":"passed","title":"different policy produces different hash","duration":0.5743089999999995,"failureMessages":[],"meta":{},"tags":[]},{"ancestorTitles":["PDF economic resolution path (via buildContractEconomicView)"],"fullName":"PDF economic resolution path (via buildContractEconomicView) standard contract: 25% / 75% / 24 months","status":"passed","title":"standard contract: 25% / 75% / 24 months","duration":0.1735580000000141,"failureMessages":[],"meta":{},"tags":[]},{"ancestorTitles":["PDF economic resolution path (via buildContractEconomicView)"],"fullName":"PDF economic resolution path (via buildContractEconomicView) override contract: shows override fee, not standard","status":"passed","title":"override contract: shows override fee, not standard","duration":0.11598000000000752,"failureMessages":[],"meta":{},"tags":[]},{"ancestorTitles":["PDF economic resolution path (via buildContractEconomicView)"],"fullName":"PDF economic resolution path (via buildContractEconomicView) fee 0 contract: 0 is preserved (no fall to 25)","status":"passed","title":"fee 0 contract: 0 is preserved (no fall to 25)","duration":0.08963299999999208,"failureMessages":[],"meta":{},"tags":[]},{"ancestorTitles":["PDF economic resolution path (via buildContractEconomicView)"],"fullName":"PDF economic resolution path (via buildContractEconomicView) policy A → B: historical PDF stays A","status":"passed","title":"policy A → B: historical PDF stays A","duration":0.12115700000001084,"failureMessages":[],"meta":{},"tags":[]},{"ancestorTitles":["PDF economic resolution path (via buildContractEconomicView)"],"fullName":"PDF economic resolution path (via buildContractEconomicView) legacy resolvable: uses legacy values","status":"passed","title":"legacy resolvable: uses legacy values","duration":0.14209499999998343,"failureMessages":[],"meta":{},"tags":[]},{"ancestorTitles":["PDF economic resolution path (via buildContractEconomicView)"],"fullName":"PDF economic resolution path (via buildContractEconomicView) legacy ambiguous: unresolvable blocks PDF generation","status":"passed","title":"legacy ambiguous: unresolvable blocks PDF generation","duration":0.11487800000000448,"failureMessages":[],"meta":{},"tags":[]},{"ancestorTitles":["PDF economic resolution path (via buildContractEconomicView)"],"fullName":"PDF economic resolution path (via buildContractEconomicView) retry: same snapshot → same economic view → same hash","status":"passed","title":"retry: same snapshot → same economic view → same hash","duration":0.17897599999997738,"failureMessages":[],"meta":{},"tags":[]}],"startTime":1786304630225,"endTime":1786304630242.179,"status":"passed","message":"","name":"/app/src/lib/contractPolicyE2E.test.js"},{"assertionResults":[{"ancestorTitles":["buildContractPolicySnapshot"],"fullName":"buildContractPolicySnapshot produces a snapshot with the canonical schema version","status":"passed","title":"produces a snapshot with the canonical schema version","duration":1.1974250000000097,"failureMessages":[],"meta":{},"tags":[]},{"ancestorTitles":["buildContractPolicySnapshot"],"fullName":"buildContractPolicySnapshot carries policyVersion and effectiveDate from the generated policy","status":"passed","title":"carries policyVersion and effectiveDate from the generated policy","duration":0.15961899999999218,"failureMessages":[],"meta":{},"tags":[]},{"ancestorTitles":["buildContractPolicySnapshot"],"fullName":"buildContractPolicySnapshot marks policySource as product_policy_registry","status":"passed","title":"marks policySource as product_policy_registry","duration":0.13672799999997665,"failureMessages":[],"meta":{},"tags":[]},{"ancestorTitles":["buildContractPolicySnapshot"],"fullName":"buildContractPolicySnapshot stores success fee as both rate and pct","status":"passed","title":"stores success fee as both rate and pct","duration":0.14801400000001763,"failureMessages":[],"meta":{},"tags":[]},{"ancestorTitles":["buildContractPolicySnapshot"],"fullName":"buildContractPolicySnapshot stores merchant share as both rate and pct","status":"passed","title":"stores merchant share as both rate and pct","duration":0.12784600000000523,"failureMessages":[],"meta":{},"tags":[]},{"ancestorTitles":["buildContractPolicySnapshot"],"fullName":"buildContractPolicySnapshot stores the fee duration in months","status":"passed","title":"stores the fee duration in months","duration":0.09058500000000436,"failureMessages":[],"meta":{},"tags":[]},{"ancestorTitles":["buildContractPolicySnapshot"],"fullName":"buildContractPolicySnapshot stores the fee base","status":"passed","title":"stores the fee base","duration":0.0761449999999968,"failureMessages":[],"meta":{},"tags":[]},{"ancestorTitles":["buildContractPolicySnapshot"],"fullName":"buildContractPolicySnapshot stores the currency","status":"passed","title":"stores the currency","duration":0.11192400000001612,"failureMessages":[],"meta":{},"tags":[]},{"ancestorTitles":["buildContractPolicySnapshot"],"fullName":"buildContractPolicySnapshot stores template and document versions","status":"passed","title":"stores template and document versions","duration":0.14920499999999493,"failureMessages":[],"meta":{},"tags":[]},{"ancestorTitles":["buildContractPolicySnapshot"],"fullName":"buildContractPolicySnapshot stores the referral ladder terms","status":"passed","title":"stores the referral ladder terms","duration":0.17006299999999896,"failureMessages":[],"meta":{},"tags":[]},{"ancestorTitles":["buildContractPolicySnapshot"],"fullName":"buildContractPolicySnapshot stores the Stripe integration status at acceptance","status":"passed","title":"stores the Stripe integration status at acceptance","duration":0.08930300000000102,"failureMessages":[],"meta":{},"tags":[]},{"ancestorTitles":["buildContractPolicySnapshot"],"fullName":"buildContractPolicySnapshot records contract identifiers","status":"passed","title":"records contract identifiers","duration":0.08778100000000677,"failureMessages":[],"meta":{},"tags":[]},{"ancestorTitles":["buildContractPolicySnapshot"],"fullName":"buildContractPolicySnapshot defaults to no override","status":"passed","title":"defaults to no override","duration":0.09476000000000795,"failureMessages":[],"meta":{},"tags":[]},{"ancestorTitles":["buildContractPolicySnapshot"],"fullName":"buildContractPolicySnapshot includes an authorised override when provided","status":"passed","title":"includes an authorised override when provided","duration":0.4980639999999994,"failureMessages":[],"meta":{},"tags":[]},{"ancestorTitles":["buildContractPolicySnapshot"],"fullName":"buildContractPolicySnapshot throws if the policy is missing","status":"passed","title":"throws if the policy is missing","duration":0.5132849999999962,"failureMessages":[],"meta":{},"tags":[]},{"ancestorTitles":["resolveContractPolicy"],"fullName":"resolveContractPolicy resolves from a mandate snapshot with policy_version","status":"passed","title":"resolves from a mandate snapshot with policy_version","duration":0.3314450000000022,"failureMessages":[],"meta":{},"tags":[]},{"ancestorTitles":["resolveContractPolicy"],"fullName":"resolveContractPolicy resolves from a BillingRule with policy_version","status":"passed","title":"resolves from a BillingRule with policy_version","duration":0.11935300000001803,"failureMessages":[],"meta":{},"tags":[]},{"ancestorTitles":["resolveContractPolicy"],"fullName":"resolveContractPolicy resolves from a BillingRule without policy_version as legacy","status":"passed","title":"resolves from a BillingRule without policy_version as legacy","duration":0.0915860000000066,"failureMessages":[],"meta":{},"tags":[]},{"ancestorTitles":["resolveContractPolicy"],"fullName":"resolveContractPolicy resolves from a MonthlySavingsReport","status":"passed","title":"resolves from a MonthlySavingsReport","duration":0.07805799999999863,"failureMessages":[],"meta":{},"tags":[]},{"ancestorTitles":["resolveContractPolicy"],"fullName":"resolveContractPolicy precedence: mandate snapshot wins over BillingRule","status":"passed","title":"precedence: mandate snapshot wins over BillingRule","duration":0.1544420000000173,"failureMessages":[],"meta":{},"tags":[]},{"ancestorTitles":["resolveLegacyContractTerms"],"fullName":"resolveLegacyContractTerms reads fee_pct from an old snapshot without policy_version","status":"passed","title":"reads fee_pct from an old snapshot without policy_version","duration":0.19132300000001123,"failureMessages":[],"meta":{},"tags":[]},{"ancestorTitles":["resolveLegacyContractTerms"],"fullName":"resolveLegacyContractTerms reads node_share_percent from a legacy BillingRule","status":"passed","title":"reads node_share_percent from a legacy BillingRule","duration":0.09438999999997577,"failureMessages":[],"meta":{},"tags":[]},{"ancestorTitles":["resolveLegacyContractTerms"],"fullName":"resolveLegacyContractTerms reads effective_fee_pct from a legacy report","status":"passed","title":"reads effective_fee_pct from a legacy report","duration":0.08464600000002065,"failureMessages":[],"meta":{},"tags":[]},{"ancestorTitles":["resolveLegacyContractTerms"],"fullName":"resolveLegacyContractTerms does not invent a policyVersion for legacy records","status":"passed","title":"does not invent a policyVersion for legacy records","duration":0.05255300000001739,"failureMessages":[],"meta":{},"tags":[]},{"ancestorTitles":["resolveLegacyContractTerms"],"fullName":"resolveLegacyContractTerms returns unresolvable when no fee is present","status":"passed","title":"returns unresolvable when no fee is present","duration":0.3836780000000033,"failureMessages":[],"meta":{},"tags":[]},{"ancestorTitles":["hash and canonical serialization"],"fullName":"hash and canonical serialization same snapshot → same hash","status":"passed","title":"same snapshot → same hash","duration":3.2770129999999824,"failureMessages":[],"meta":{},"tags":[]},{"ancestorTitles":["hash and canonical serialization"],"fullName":"hash and canonical serialization different fee → different hash","status":"passed","title":"different fee → different hash","duration":5.104414999999989,"failureMessages":[],"meta":{},"tags":[]},{"ancestorTitles":["hash and canonical serialization"],"fullName":"hash and canonical serialization key order does not change the hash","status":"passed","title":"key order does not change the hash","duration":0.1568149999999946,"failureMessages":[],"meta":{},"tags":[]},{"ancestorTitles":["hash and canonical serialization"],"fullName":"hash and canonical serialization retry produces the same hash (idempotency)","status":"passed","title":"retry produces the same hash (idempotency)","duration":0.40291299999998387,"failureMessages":[],"meta":{},"tags":[]},{"ancestorTitles":["override audit"],"fullName":"override audit override is recorded in the snapshot","status":"passed","title":"override is recorded in the snapshot","duration":0.11615900000001034,"failureMessages":[],"meta":{},"tags":[]},{"ancestorTitles":["override audit"],"fullName":"override audit resolver reports hasOverride from the snapshot","status":"passed","title":"resolver reports hasOverride from the snapshot","duration":0.09065400000000068,"failureMessages":[],"meta":{},"tags":[]},{"ancestorTitles":["override audit"],"fullName":"override audit a standard contract has no override","status":"passed","title":"a standard contract has no override","duration":0.06203500000000872,"failureMessages":[],"meta":{},"tags":[]},{"ancestorTitles":["rejectClientTerms"],"fullName":"rejectClientTerms accepts an empty payload","status":"passed","title":"accepts an empty payload","duration":0.08389499999998407,"failureMessages":[],"meta":{},"tags":[]},{"ancestorTitles":["rejectClientTerms"],"fullName":"rejectClientTerms rejects a payload that carries successFeeRate","status":"passed","title":"rejects a payload that carries successFeeRate","duration":0.14292699999998604,"failureMessages":[],"meta":{},"tags":[]},{"ancestorTitles":["rejectClientTerms"],"fullName":"rejectClientTerms rejects a payload that carries feeDurationMonths","status":"passed","title":"rejects a payload that carries feeDurationMonths","duration":0.0549959999999885,"failureMessages":[],"meta":{},"tags":[]},{"ancestorTitles":["rejectClientTerms"],"fullName":"rejectClientTerms rejects a payload that carries policy_version","status":"passed","title":"rejects a payload that carries policy_version","duration":0.04317000000000348,"failureMessages":[],"meta":{},"tags":[]},{"ancestorTitles":["rejectClientTerms"],"fullName":"rejectClientTerms rejects a payload that carries snapshot_hash","status":"passed","title":"rejects a payload that carries snapshot_hash","duration":0.04107700000000136,"failureMessages":[],"meta":{},"tags":[]},{"ancestorTitles":["rejectClientTerms"],"fullName":"rejectClientTerms accepts unrelated payload keys (mandate_id, signed_by_name)","status":"passed","title":"accepts unrelated payload keys (mandate_id, signed_by_name)","duration":0.04112700000001723,"failureMessages":[],"meta":{},"tags":[]},{"ancestorTitles":["immutability — policy A → policy B"],"fullName":"immutability — policy A → policy B an accepted contract under policy A is NOT altered by policy B","status":"passed","title":"an accepted contract under policy A is NOT altered by policy B","duration":0.5205650000000048,"failureMessages":[],"meta":{},"tags":[]},{"ancestorTitles":["immutability — policy A → policy B"],"fullName":"immutability — policy A → policy B hash A is stable across retries (idempotency)","status":"passed","title":"hash A is stable across retries (idempotency)","duration":0.5534800000000075,"failureMessages":[],"meta":{},"tags":[]},{"ancestorTitles":["parity with generated policy constants"],"fullName":"parity with generated policy constants snapshot economic terms match the policy values","status":"passed","title":"snapshot economic terms match the policy values","duration":0.10321199999998498,"failureMessages":[],"meta":{},"tags":[]},{"ancestorTitles":["parity with generated policy constants"],"fullName":"parity with generated policy constants snapshot referral terms match the policy values","status":"passed","title":"snapshot referral terms match the policy values","duration":0.0659909999999968,"failureMessages":[],"meta":{},"tags":[]}],"startTime":1786304630625,"endTime":1786304630642.1033,"status":"passed","message":"","name":"/app/src/lib/contractPolicySnapshot.test.js"},{"assertionResults":[{"ancestorTitles":["Copilot payments-only coherence (P0.1)"],"fullName":"Copilot payments-only coherence (P0.1) does not describe \"Scores payments, shipping, SaaS\" as a current service","status":"passed","title":"does not describe \"Scores payments, shipping, SaaS\" as a current service","duration":1.1774389999999926,"failureMessages":[],"meta":{},"tags":[]},{"ancestorTitles":["Copilot payments-only coherence (P0.1)"],"fullName":"Copilot payments-only coherence (P0.1) does not describe \"Payments & Shipping recovery\" as a current service","status":"passed","title":"does not describe \"Payments & Shipping recovery\" as a current service","duration":0.11655000000001792,"failureMessages":[],"meta":{},"tags":[]},{"ancestorTitles":["Copilot payments-only coherence (P0.1)"],"fullName":"Copilot payments-only coherence (P0.1) does not describe \"SaaS optimization: FREE\" as a current service","status":"passed","title":"does not describe \"SaaS optimization: FREE\" as a current service","duration":0.09072399999999448,"failureMessages":[],"meta":{},"tags":[]},{"ancestorTitles":["Copilot payments-only coherence (P0.1)"],"fullName":"Copilot payments-only coherence (P0.1) does not describe \"SaaS savings 0% fee\" as a current service","status":"passed","title":"does not describe \"SaaS savings 0% fee\" as a current service","duration":0.12244799999999145,"failureMessages":[],"meta":{},"tags":[]},{"ancestorTitles":["Copilot payments-only coherence (P0.1)"],"fullName":"Copilot payments-only coherence (P0.1) does not describe \"recover margin brands lose on payments, shipping, SaaS and banking\" as a current service","status":"passed","title":"does not describe \"recover margin brands lose on payments, shipping, SaaS and banking\" as a current service","duration":0.10926999999998088,"failureMessages":[],"meta":{},"tags":[]},{"ancestorTitles":["Copilot payments-only coherence (P0.1)"],"fullName":"Copilot payments-only coherence (P0.1) does not describe \"we identify overpayment across payments, shipping, SaaS\" as a current service","status":"passed","title":"does not describe \"we identify overpayment across payments, shipping, SaaS\" as a current service","duration":0.0771660000000054,"failureMessages":[],"meta":{},"tags":[]},{"ancestorTitles":["Copilot payments-only coherence (P0.1)"],"fullName":"Copilot payments-only coherence (P0.1) does not describe \"shipping providers, etc.\" as a current service","status":"passed","title":"does not describe \"shipping providers, etc.\" as a current service","duration":0.06600099999999998,"failureMessages":[],"meta":{},"tags":[]},{"ancestorTitles":["Copilot payments-only coherence (P0.1)"],"fullName":"Copilot payments-only coherence (P0.1) mentions card payment cost audit","status":"passed","title":"mentions card payment cost audit","duration":0.1442079999999919,"failureMessages":[],"meta":{},"tags":[]},{"ancestorTitles":["Copilot payments-only coherence (P0.1)"],"fullName":"Copilot payments-only coherence (P0.1) states the Analyzer is free","status":"passed","title":"states the Analyzer is free","duration":0.18914999999998372,"failureMessages":[],"meta":{},"tags":[]},{"ancestorTitles":["Copilot payments-only coherence (P0.1)"],"fullName":"Copilot payments-only coherence (P0.1) states Recovery is optional","status":"passed","title":"states Recovery is optional","duration":0.15333099999998012,"failureMessages":[],"meta":{},"tags":[]},{"ancestorTitles":["Copilot payments-only coherence (P0.1)"],"fullName":"Copilot payments-only coherence (P0.1) states 25% fee on verified positive savings","status":"passed","title":"states 25% fee on verified positive savings","duration":0.1488350000000196,"failureMessages":[],"meta":{},"tags":[]},{"ancestorTitles":["Copilot payments-only coherence (P0.1)"],"fullName":"Copilot payments-only coherence (P0.1) states 24 months duration","status":"passed","title":"states 24 months duration","duration":0.08813100000000418,"failureMessages":[],"meta":{},"tags":[]},{"ancestorTitles":["Copilot payments-only coherence (P0.1)"],"fullName":"Copilot payments-only coherence (P0.1) states no positive verified saving = no fee","status":"passed","title":"states no positive verified saving = no fee","duration":0.0877399999999966,"failureMessages":[],"meta":{},"tags":[]},{"ancestorTitles":["Copilot payments-only coherence (P0.1)"],"fullName":"Copilot payments-only coherence (P0.1) states referral floor of 5%","status":"passed","title":"states referral floor of 5%","duration":0.18298100000001227,"failureMessages":[],"meta":{},"tags":[]},{"ancestorTitles":["Copilot payments-only coherence (P0.1)"],"fullName":"Copilot payments-only coherence (P0.1) describes future verticals as planned, not current","status":"passed","title":"describes future verticals as planned, not current","duration":0.17045400000000654,"failureMessages":[],"meta":{},"tags":[]},{"ancestorTitles":["Copilot payments-only coherence (P0.1)"],"fullName":"Copilot payments-only coherence (P0.1) instructs the LLM to never offer shipping/SaaS/etc as current","status":"passed","title":"instructs the LLM to never offer shipping/SaaS/etc as current","duration":0.11578900000000658,"failureMessages":[],"meta":{},"tags":[]}],"startTime":1786304634927,"endTime":1786304634931.1157,"status":"passed","message":"","name":"/app/src/lib/copilotKnowledge.test.js"},{"assertionResults":[{"ancestorTitles":["critical automation registration"],"fullName":"critical automation registration processWebhookDeadLetters is explicitly registered","status":"passed","title":"processWebhookDeadLetters is explicitly registered","duration":2.982067999999998,"failureMessages":[],"meta":{},"tags":[]},{"ancestorTitles":["critical automation registration"],"fullName":"critical automation registration eclProductionHealth is explicitly registered","status":"passed","title":"eclProductionHealth is explicitly registered","duration":0.7927299999999775,"failureMessages":[],"meta":{},"tags":[]},{"ancestorTitles":["critical automation registration"],"fullName":"critical automation registration eclLifecycleScheduler is explicitly registered","status":"passed","title":"eclLifecycleScheduler is explicitly registered","duration":0.9406730000000039,"failureMessages":[],"meta":{},"tags":[]},{"ancestorTitles":["critical automation registration"],"fullName":"critical automation registration reconcileRecoverBilling is explicitly registered","status":"passed","title":"reconcileRecoverBilling is explicitly registered","duration":0.6835489999999993,"failureMessages":[],"meta":{},"tags":[]}],"startTime":1786304634591,"endTime":1786304634596.6836,"status":"passed","message":"","name":"/app/src/lib/criticalAutomationRegistration.test.js"},{"assertionResults":[{"ancestorTitles":["dh_ i18n parity"],"fullName":"dh_ i18n parity EN defines the keys","status":"passed","title":"EN defines the keys","duration":1.097678000000002,"failureMessages":[],"meta":{},"tags":[]},{"ancestorTitles":["dh_ i18n parity"],"fullName":"dh_ i18n parity fr defines every EN key","status":"passed","title":"fr defines every EN key","duration":0.48659800000001496,"failureMessages":[],"meta":{},"tags":[]},{"ancestorTitles":["dh_ i18n parity"],"fullName":"dh_ i18n parity es defines every EN key","status":"passed","title":"es defines every EN key","duration":0.18128899999999248,"failureMessages":[],"meta":{},"tags":[]},{"ancestorTitles":["dh_ i18n parity"],"fullName":"dh_ i18n parity fr defines no key EN lacks","status":"passed","title":"fr defines no key EN lacks","duration":0.3243959999999788,"failureMessages":[],"meta":{},"tags":[]},{"ancestorTitles":["dh_ i18n parity"],"fullName":"dh_ i18n parity es defines no key EN lacks","status":"passed","title":"es defines no key EN lacks","duration":0.21263199999998506,"failureMessages":[],"meta":{},"tags":[]},{"ancestorTitles":["dh_ i18n parity"],"fullName":"dh_ i18n parity en has no blank value","status":"passed","title":"en has no blank value","duration":0.17947700000001987,"failureMessages":[],"meta":{},"tags":[]},{"ancestorTitles":["dh_ i18n parity"],"fullName":"dh_ i18n parity fr has no blank value","status":"passed","title":"fr has no blank value","duration":0.1128349999999898,"failureMessages":[],"meta":{},"tags":[]},{"ancestorTitles":["dh_ i18n parity"],"fullName":"dh_ i18n parity es has no blank value","status":"passed","title":"es has no blank value","duration":0.0983850000000075,"failureMessages":[],"meta":{},"tags":[]},{"ancestorTitles":["score_ctx_ i18n parity"],"fullName":"score_ctx_ i18n parity EN defines the keys","status":"passed","title":"EN defines the keys","duration":0.22096299999998337,"failureMessages":[],"meta":{},"tags":[]},{"ancestorTitles":["score_ctx_ i18n parity"],"fullName":"score_ctx_ i18n parity fr defines every EN key","status":"passed","title":"fr defines every EN key","duration":0.1556940000000111,"failureMessages":[],"meta":{},"tags":[]},{"ancestorTitles":["score_ctx_ i18n parity"],"fullName":"score_ctx_ i18n parity es defines every EN key","status":"passed","title":"es defines every EN key","duration":0.14378700000000322,"failureMessages":[],"meta":{},"tags":[]},{"ancestorTitles":["score_ctx_ i18n parity"],"fullName":"score_ctx_ i18n parity fr defines no key EN lacks","status":"passed","title":"fr defines no key EN lacks","duration":0.08735999999998967,"failureMessages":[],"meta":{},"tags":[]},{"ancestorTitles":["score_ctx_ i18n parity"],"fullName":"score_ctx_ i18n parity es defines no key EN lacks","status":"passed","title":"es defines no key EN lacks","duration":0.07585399999999254,"failureMessages":[],"meta":{},"tags":[]},{"ancestorTitles":["score_ctx_ i18n parity"],"fullName":"score_ctx_ i18n parity en has no blank value","status":"passed","title":"en has no blank value","duration":0.22515999999998826,"failureMessages":[],"meta":{},"tags":[]},{"ancestorTitles":["score_ctx_ i18n parity"],"fullName":"score_ctx_ i18n parity fr has no blank value","status":"passed","title":"fr has no blank value","duration":0.17290700000000925,"failureMessages":[],"meta":{},"tags":[]},{"ancestorTitles":["score_ctx_ i18n parity"],"fullName":"score_ctx_ i18n parity es has no blank value","status":"passed","title":"es has no blank value","duration":0.08274400000001947,"failureMessages":[],"meta":{},"tags":[]},{"ancestorTitles":["interpolated rate keys keep their placeholder"],"fullName":"interpolated rate keys keep their placeholder en keeps {rate}","status":"passed","title":"en keeps {rate}","duration":0.12860700000001657,"failureMessages":[],"meta":{},"tags":[]},{"ancestorTitles":["interpolated rate keys keep their placeholder"],"fullName":"interpolated rate keys keep their placeholder fr keeps {rate}","status":"passed","title":"fr keeps {rate}","duration":0.09185600000000704,"failureMessages":[],"meta":{},"tags":[]},{"ancestorTitles":["interpolated rate keys keep their placeholder"],"fullName":"interpolated rate keys keep their placeholder es keeps {rate}","status":"passed","title":"es keeps {rate}","duration":0.04221800000001963,"failureMessages":[],"meta":{},"tags":[]},{"ancestorTitles":["currency helper — one implementation, localized"],"fullName":"currency helper — one implementation, localized groups digits per language (the old hero always used US grouping)","status":"passed","title":"groups dig
[...]
Version + Accept) untouched","duration":0.16866200000001186,"failureMessages":[],"meta":{},"tags":[]},{"ancestorTitles":["mergeStaticHeaders — {shop} interpolation in header values"],"fullName":"mergeStaticHeaders — {shop} interpolation in header values T8 — {token} and {shop} in different headers don't collide","status":"passed","title":"T8 — {token} and {shop} in different headers don't collide","duration":0.13804000000001793,"failureMessages":[],"meta":{},"tags":[]},{"ancestorTitles":["mergeStaticHeaders — {shop} interpolation in header values"],"fullName":"mergeStaticHeaders — {shop} interpolation in header values T9a — Square shape with shopDomain=null does NOT throw","status":"passed","title":"T9a — Square shape with shopDomain=null does NOT throw","duration":0.24907199999998397,"failureMessages":[],"meta":{},"tags":[]},{"ancestorTitles":["mergeStaticHeaders — {shop} interpolation in header values"],"fullName":"mergeStaticHeaders — {shop} interpolation in header values T9b — PayPlug shape with shopDomain=null/undefined does NOT throw","status":"passed","title":"T9b — PayPlug shape with shopDomain=null/undefined does NOT throw","duration":0.13177099999998632,"failureMessages":[],"meta":{},"tags":[]},{"ancestorTitles":["mergeStaticHeaders — {shop} interpolation in header values"],"fullName":"mergeStaticHeaders — {shop} interpolation in header values T10 — Xero without shop_domain throws clean error; isolated per-endpoint","status":"passed","title":"T10 — Xero without shop_domain throws clean error; isolated per-endpoint","duration":0.2941940000000045,"failureMessages":[],"meta":{},"tags":[]}],"startTime":1786304634150,"endTime":1786304634154.2942,"status":"passed","message":"","name":"/app/src/lib/syncEngine/mergeStaticHeaders.test.js"},{"assertionResults":[{"ancestorTitles":["Paginators dispatcher parity — supported style set stays in sync"],"fullName":"Paginators dispatcher parity — supported style set stays in sync both copies exist and are readable","status":"passed","title":"both copies exist and are readable","duration":1.3842520000000036,"failureMessages":[],"meta":{},"tags":[]},{"ancestorTitles":["Paginators dispatcher parity — supported style set stays in sync"],"fullName":"Paginators dispatcher parity — supported style set stays in sync supported style SET is identical in src and Deno","status":"passed","title":"supported style SET is identical in src and Deno","duration":1.639363000000003,"failureMessages":[],"meta":{},"tags":[]},{"ancestorTitles":["Paginators dispatcher parity — supported style set stays in sync"],"fullName":"Paginators dispatcher parity — supported style set stays in sync the set is non-empty (guards against a parser that silently matches nothing)","status":"passed","title":"the set is non-empty (guards against a parser that silently matches nothing)","duration":0.38312700000000177,"failureMessages":[],"meta":{},"tags":[]}],"startTime":1786304632749,"endTime":1786304632752.383,"status":"passed","message":"","name":"/app/src/lib/syncEngine/paginators-dispatcher-parity.test.js"},{"assertionResults":[{"ancestorTitles":["getPaginator — lookup"],"fullName":"getPaginator — lookup returns the cursor_stripe paginator","status":"passed","title":"returns the cursor_stripe paginator","duration":1.100121999999999,"failureMessages":[],"meta":{},"tags":[]},{"ancestorTitles":["getPaginator — lookup"],"fullName":"getPaginator — lookup returns the cursor_hal_body paginator","status":"passed","title":"returns the cursor_hal_body paginator","duration":0.1189239999999927,"failureMessages":[],"meta":{},"tags":[]},{"ancestorTitles":["getPaginator — lookup"],"fullName":"getPaginator — lookup returns the page_number paginator","status":"passed","title":"returns the page_number paginator","duration":0.0845860000000016,"failureMessages":[],"meta":{},"tags":[]},{"ancestorTitles":["getPaginator — lookup"],"fullName":"getPaginator — lookup unknown style falls back to nullPaginator (graceful)","status":"passed","title":"unknown style falls back to nullPaginator (graceful)","duration":0.12174699999999916,"failureMessages":[],"meta":{},"tags":[]},{"ancestorTitles":["getPaginator — lookup"],"fullName":"getPaginator — lookup no style → nullPaginator (legacy single-fetch behaviour)","status":"passed","title":"no style → nullPaginator (legacy single-fetch behaviour)","duration":0.13898100000000113,"failureMessages":[],"meta":{},"tags":[]},{"ancestorTitles":["cursorStripe — Stripe has_more + starting_after"],"fullName":"cursorStripe — Stripe has_more + starting_after continues when has_more=true and emits starting_after=<last_id>","status":"passed","title":"continues when has_more=true and emits starting_after=<last_id>","duration":0.4281689999999969,"failureMessages":[],"meta":{},"tags":[]},{"ancestorTitles":["cursorStripe — Stripe has_more + starting_after"],"fullName":"cursorStripe — Stripe has_more + starting_after stops when has_more=false","status":"passed","title":"stops when has_more=false","duration":0.3694580000000087,"failureMessages":[],"meta":{},"tags":[]},{"ancestorTitles":["cursorStripe — Stripe has_more + starting_after"],"fullName":"cursorStripe — Stripe has_more + starting_after stops when data is empty even if has_more=true (defensive)","status":"passed","title":"stops when data is empty even if has_more=true (defensive)","duration":0.11616999999998256,"failureMessages":[],"meta":{},"tags":[]},{"ancestorTitles":["cursorStripe — Stripe has_more + starting_after"],"fullName":"cursorStripe — Stripe has_more + starting_after stops when last item has no id","status":"passed","title":"stops when last item has no id","duration":0.18441300000000638,"failureMessages":[],"meta":{},"tags":[]},{"ancestorTitles":["cursorStripe — Stripe has_more + starting_after"],"fullName":"cursorStripe — Stripe has_more + starting_after replaces existing starting_after rather than duplicating","status":"passed","title":"replaces existing starting_after rather than duplicating","duration":0.32620800000000827,"failureMessages":[],"meta":{},"tags":[]},{"ancestorTitles":["cursorHalBody — Mollie HAL _links.next"],"fullName":"cursorHalBody — Mollie HAL _links.next follows _links.next.href","status":"passed","title":"follows _links.next.href","duration":0.17789500000000658,"failureMessages":[],"meta":{},"tags":[]},{"ancestorTitles":["cursorHalBody — Mollie HAL _links.next"],"fullName":"cursorHalBody — Mollie HAL _links.next stops when _links.next is null","status":"passed","title":"stops when _links.next is null","duration":0.10242099999999255,"failureMessages":[],"meta":{},"tags":[]},{"ancestorTitles":["cursorHalBody — Mollie HAL _links.next"],"fullName":"cursorHalBody — Mollie HAL _links.next stops when _links is missing entirely","status":"passed","title":"stops when _links is missing entirely","duration":0.08690000000001419,"failureMessages":[],"meta":{},"tags":[]},{"ancestorTitles":["cursorHalBody — Mollie HAL _links.next"],"fullName":"cursorHalBody — Mollie HAL _links.next stops when _links.next.href is not a string","status":"passed","title":"stops when _links.next.href is not a string","duration":0.14587099999999964,"failureMessages":[],"meta":{},"tags":[]},{"ancestorTitles":["pageNumber — ?page=N + per_page=<size>"],"fullName":"pageNumber — ?page=N + per_page=<size> continues to page 2 when current page is full","status":"passed","title":"continues to page 2 when current page is full","duration":0.3513930000000016,"failureMessages":[],"meta":{},"tags":[]},{"ancestorTitles":["pageNumber — ?page=N + per_page=<size>"],"fullName":"pageNumber — ?page=N + per_page=<size> stops when current page is shorter than page_size (last page)","status":"passed","title":"stops when current page is shorter than page_size (last page)","duration":0.10931999999999675,"failureMessages":[],"meta":{},"tags":[]},{"ancestorTitles":["pageNumber — ?page=N + per_page=<size>"],"fullName":"pageNumber — ?page=N + per_page=<size> stops on empty page","status":"passed","title":"stops on empty page","duration":0.07113800000001902,"failureMessages":[],"meta":{},"tags":[]},{"ancestorTitles":["pageNumber — ?page=N + per_page=<size>"],"fullName":"pageNumber — ?page=N + per_page=<size> falls back to raw.data when array_root is not declared","status":"passed","title":"falls back to raw.data when array_root is not declared","duration":0.08397499999998104,"failureMessages":[],"meta":{},"tags":[]},{"ancestorTitles":["pageNumber — ?page=N + per_page=<size>"],"fullName":"pageNumber — ?page=N + per_page=<size> handles a bare-array response (no wrapping object)","status":"passed","title":"handles a bare-array response (no wrapping object)","duration":0.1389910000000043,"failureMessages":[],"meta":{},"tags":[]},{"ancestorTitles":["linkHeader — hook, parsing only"],"fullName":"linkHeader — hook, parsing only extracts next URL from Link header","status":"passed","title":"extracts next URL from Link header","duration":0.2898190000000227,"failureMessages":[],"meta":{},"tags":[]},{"ancestorTitles":["linkHeader — hook, parsing only"],"fullName":"linkHeader — hook, parsing only returns no-next when no rel=next is present","status":"passed","title":"returns no-next when no rel=next is present","duration":0.18984100000000126,"failureMessages":[],"meta":{},"tags":[]},{"ancestorTitles":["linkHeader — hook, parsing only"],"fullName":"linkHeader — hook, parsing only handles unquoted rel=next","status":"passed","title":"handles unquoted rel=next","duration":0.08860199999998031,"failureMessages":[],"meta":{},"tags":[]},{"ancestorTitles":["offsetLimit — hook, paging arithmetic"],"fullName":"offsetLimit — hook, paging arithmetic advances offset by page_size","status":"passed","title":"advances offset by page_size","duration":0.2084859999999935,"failureMessages":[],"meta":{},"tags":[]},{"ancestorTitles":["offsetLimit — hook, paging arithmetic"],"fullName":"offsetLimit — hook, paging arithmetic stops on a short page","status":"passed","title":"stops on a short page","duration":0.12055599999999345,"failureMessages":[],"meta":{},"tags":[]},{"ancestorTitles":["nullPaginator — legacy single-fetch behaviour"],"fullName":"nullPaginator — legacy single-fetch behaviour always returns no-more-pages","status":"passed","title":"always returns no-more-pages","duration":0.08053099999997926,"failureMessages":[],"meta":{},"tags":[]}],"startTime":1786304633198,"endTime":1786304633203.2085,"status":"passed","message":"","name":"/app/src/lib/syncEngine/paginators.test.js"},{"assertionResults":[{"ancestorTitles":["parseRetryAfter"],"fullName":"parseRetryAfter parses integer seconds","status":"passed","title":"parses integer seconds","duration":1.149310000000014,"failureMessages":[],"meta":{},"tags":[]},{"ancestorTitles":["parseRetryAfter"],"fullName":"parseRetryAfter handles null/empty","status":"passed","title":"handles null/empty","duration":0.13289300000002413,"failureMessages":[],"meta":{},"tags":[]},{"ancestorTitles":["parseRetryAfter"],"fullName":"parseRetryAfter parses HTTP-date format (absolute future date)","status":"passed","title":"parses HTTP-date format (absolute future date)","duration":0.49017400000002453,"failureMessages":[],"meta":{},"tags":[]},{"ancestorTitles":["minDelayMs"],"fullName":"minDelayMs rps=4 → 250ms per call","status":"passed","title":"rps=4 → 250ms per call","duration":0.12175799999999981,"failureMessages":[],"meta":{},"tags":[]},{"ancestorTitles":["minDelayMs"],"fullName":"minDelayMs absent rps → 0","status":"passed","title":"absent rps → 0","duration":0.17992699999996375,"failureMessages":[],"meta":{},"tags":[]},{"ancestorTitles":["fetchWithBackoff — success on first try"],"fullName":"fetchWithBackoff — success on first try returns response immediately when ok","status":"passed","title":"returns response immediately when ok","duration":0.2541100000000256,"failureMessages":[],"meta":{},"tags":[]},{"ancestorTitles":["fetchWithBackoff — success on first try"],"fullName":"fetchWithBackoff — success on first try non-retryable 4xx returns immediately (no retry)","status":"passed","title":"non-retryable 4xx returns immediately (no retry)","duration":0.12441100000000915,"failureMessages":[],"meta":{},"tags":[]},{"ancestorTitles":["fetchWithBackoff — retries on 429 and 5xx"],"fullName":"fetchWithBackoff — retries on 429 and 5xx retries on 429 until success","status":"passed","title":"retries on 429 until success","duration":3.9106140000000096,"failureMessages":[],"meta":{},"tags":[]},{"ancestorTitles":["fetchWithBackoff — retries on 429 and 5xx"],"fullName":"fetchWithBackoff — retries on 429 and 5xx retries on 503 until success","status":"passed","title":"retries on 503 until success","duration":500.372944,"failureMessages":[],"meta":{},"tags":[]},{"ancestorTitles":["fetchWithBackoff — retries on 429 and 5xx"],"fullName":"fetchWithBackoff — retries on 429 and 5xx gives up after maxRetries and returns last response","status":"passed","title":"gives up after maxRetries and returns last response","duration":2.759100999999987,"failureMessages":[],"meta":{},"tags":[]},{"ancestorTitles":["fetchWithBackoff — retries on 429 and 5xx"],"fullName":"fetchWithBackoff — retries on 429 and 5xx throws after maxRetries when network error keeps firing","status":"passed","title":"throws after maxRetries when network error keeps firing","duration":1502.873674,"failureMessages":[],"meta":{},"tags":[]},{"ancestorTitles":["fetchWithBackoff — proactive throttling via rps"],"fullName":"fetchWithBackoff — proactive throttling via rps respects min delay between consecutive calls","status":"passed","title":"respects min delay between consecutive calls","duration":100.71875399999999,"failureMessages":[],"meta":{},"tags":[]},{"ancestorTitles":["fetchWithBackoff — proactive throttling via rps"],"fullName":"fetchWithBackoff — proactive throttling via rps no throttling when rps is absent","status":"passed","title":"no throttling when rps is absent","duration":0.23724600000014107,"failureMessages":[],"meta":{},"tags":[]}],"startTime":1786304628530,"endTime":1786304630644.2373,"status":"passed","message":"","name":"/app/src/lib/syncEngine/rateLimit.test.js"},{"assertionResults":[{"ancestorTitles":["isEligibleForRefresh"],"fullName":"isEligibleForRefresh returns true only for oauth + refresh_token present","status":"passed","title":"returns true only for oauth + refresh_token present","duration":1.1681450000000098,"failureMessages":[],"meta":{},"tags":[]},{"ancestorTitles":["isEligibleForRefresh"],"fullName":"isEligibleForRefresh rejects oauth without refresh_token","status":"passed","title":"rejects oauth without refresh_token","duration":0.11944399999998723,"failureMessages":[],"meta":{},"tags":[]},{"ancestorTitles":["isEligibleForRefresh"],"fullName":"isEligibleForRefresh rejects api_key regardless of refresh_token flag","status":"passed","title":"rejects api_key regardless of refresh_token flag","duration":0.13950199999999313,"failureMessages":[],"meta":{},"tags":[]},{"ancestorTitles":["isEligibleForRefresh"],"fullName":"isEligibleForRefresh rejects basic_auth regardless of refresh_token flag","status":"passed","title":"rejects basic_auth regardless of refresh_token flag","duration":0.11319499999999039,"failureMessages":[],"meta":{},"tags":[]},{"ancestorTitles":["isEligibleForRefresh"],"fullName":"isEligibleForRefresh rejects unknown auth_method","status":"passed","title":"rejects unknown auth_method","duration":0.12289899999998966,"failureMessages":[],"meta":{},"tags":[]},{"ancestorTitles":["createRefreshState"],"fullName":"createRefreshState starts un-refreshed","status":"passed","title":"starts un-refreshed","duration":0.10886999999999603,"failureMessages":[],"meta":{},"tags":[]},{"ancestorTitles":["fetchPageWithMaybeRefresh — passthrough"],"fullName":"fetchPageWithMaybeRefresh — passthrough returns the response unchanged on 200","status":"passed","title":"returns the response unchanged on 200","duration":0.723544000000004,"failureMessages":[],"meta":{},"tags":[]},{"ancestorTitles":["fetchPageWithMaybeRefresh — passthrough"],"fullName":"fetchPageWithMaybeRefresh — passthrough returns the response unchanged on non-401 errors (403/500)","status":"passed","title":"returns the response unchanged on non-401 errors (403/500)","duration":0.6651850000000081,"failureMessages":[],"meta":{},"tags":[]},{"ancestorTitles":["fetchPageWithMaybeRefresh — happy path (T1, T2)"],"fullName":"fetchPageWithMaybeRefresh — happy path (T1, T2) T1: 401 on first page → refresh ok → retry 200, only ONE refresh, MARKS state","status":"passed","title":"T1: 401 on first page → refresh ok → retry 200, only ONE refresh, MARKS state","duration":0.30054400000000214,"failureMessages":[],"meta":{},"tags":[]},{"ancestorTitles":["fetchPageWithMaybeRefresh — happy path (T1, T2)"],"fullName":"fetchPageWithMaybeRefresh — happy path (T1, T2) T2: simulates 401 at page 3 of 5 → refresh in middle of paginated run → cursor unchanged","status":"passed","title":"T2: simulates 401 at page 3 of 5 → refresh in middle of paginated run → cursor unchanged","duration":0.5079780000000085,"failureMessages":[],"meta":{},"tags":[]},{"ancestorTitles":["fetchPageWithMaybeRefresh — refresh fails (T3)"],"fullName":"fetchPageWithMaybeRefresh — refresh fails (T3) T3: 401 + refreshFn returns false → returns original 401, no retry","status":"passed","title":"T3: 401 + refreshFn returns false → returns original 401, no retry","duration":0.2782019999999932,"failureMessages":[],"meta":{},"tags":[]},{"ancestorTitles":["fetchPageWithMaybeRefresh — refresh fails (T3)"],"fullName":"fetchPageWithMaybeRefresh — refresh fails (T3) T3b: 401 + refreshFn THROWS → returns original 401, no retry, state still flips","status":"passed","title":"T3b: 401 + refreshFn THROWS → returns original 401, no retry, state still flips","duration":0.32653799999999933,"failureMessages":[],"meta":{},"tags":[]},{"ancestorTitles":["fetchPageWithMaybeRefresh — refresh fails (T3)"],"fullName":"fetchPageWithMaybeRefresh — refresh fails (T3) T3c: rebuildHeaders throws → returns original 401, no retry","status":"passed","title":"T3c: rebuildHeaders throws → returns original 401, no retry","duration":0.18270100000000866,"failureMessages":[],"meta":{},"tags":[]},{"ancestorTitles":["fetchPageWithMaybeRefresh — no infinite loop (T4)"],"fullName":"fetchPageWithMaybeRefresh — no infinite loop (T4) T4: 401 → refresh ok → retry still 401 → returns the second 401, NEVER triggers a 2nd refresh","status":"passed","title":"T4: 401 → refresh ok → retry still 401 → returns the second 401, NEVER triggers a 2nd refresh","duration":0.31398200000001,"failureMessages":[],"meta":{},"tags":[]},{"ancestorTitles":["fetchPageWithMaybeRefresh — no infinite loop (T4)"],"fullName":"fetchPageWithMaybeRefresh — no infinite loop (T4) T4b: state already burned in a prior page → 401 falls through immediately","status":"passed","title":"T4b: state already burned in a prior page → 401 falls through immediately","duration":0.27561900000000605,"failureMessages":[],"meta":{},"tags":[]},{"ancestorTitles":["fetchPageWithMaybeRefresh — non-OAuth providers untouched (T5)"],"fullName":"fetchPageWithMaybeRefresh — non-OAuth providers untouched (T5) T5: 401 + eligible=false (api_key/basic_auth) → returns 401 unchanged, NO refresh attempted","status":"passed","title":"T5: 401 + eligible=false (api_key/basic_auth) → returns 401 unchanged, NO refresh attempted","duration":0.17097499999999854,"failureMessages":[],"meta":{},"tags":[]},{"ancestorTitles":["fetchPageWithMaybeRefresh — non-OAuth providers untouched (T5)"],"fullName":"fetchPageWithMaybeRefresh — non-OAuth providers untouched (T5) T5b: 200 + eligible=false → identical to eligible=true (passthrough)","status":"passed","title":"T5b: 200 + eligible=false → identical to eligible=true (passthrough)","duration":0.11139299999999253,"failureMessages":[],"meta":{},"tags":[]}],"startTime":1786304632626,"endTime":1786304632632.1113,"status":"passed","message":"","name":"/app/src/lib/syncEngine/refreshOn401.test.js"}]}